
*** Running vivado
    with args -log array_mul.vds -m64 -product Vivado -mode batch -messageDb vivado.pb -notrace -source array_mul.tcl


****** Vivado v2018.2 (64-bit)
  **** SW Build 2258646 on Thu Jun 14 20:03:12 MDT 2018
  **** IP Build 2256618 on Thu Jun 14 22:10:49 MDT 2018
    ** Copyright 1986-2018 Xilinx, Inc. All Rights Reserved.

source array_mul.tcl -notrace
Command: synth_design -top array_mul -part xc7k70tlfbv676-2L
Starting synth_design
Attempting to get a license for feature 'Synthesis' and/or device 'xc7k70tl'
INFO: [Common 17-349] Got license for feature 'Synthesis' and/or device 'xc7k70tl'
INFO: Launching helper process for spawning children vivado processes
INFO: Helper process launched with PID 37768 
---------------------------------------------------------------------------------
Starting Synthesize : Time (s): cpu = 00:00:04 ; elapsed = 00:00:04 . Memory (MB): peak = 355.824 ; gain = 99.148
---------------------------------------------------------------------------------
INFO: [Synth 8-6157] synthesizing module 'array_mul' [C:/Users/User/Desktop/STM/Lab3/Array_Multiplier/array_mul.v:1]
	Parameter k bound to: 32 - type: integer 
INFO: [Synth 8-6157] synthesizing module 'full_adder' [C:/Users/User/Desktop/STM/Lab3/Array_Multiplier/full_adder.v:2]
INFO: [Synth 8-6155] done synthesizing module 'full_adder' (1#1) [C:/Users/User/Desktop/STM/Lab3/Array_Multiplier/full_adder.v:2]
WARNING: [Synth 8-324] index -1 out of range [C:/Users/User/Desktop/STM/Lab3/Array_Multiplier/array_mul.v:16]
WARNING: [Synth 8-324] index 31 out of range [C:/Users/User/Desktop/STM/Lab3/Array_Multiplier/array_mul.v:16]
INFO: [Synth 8-6155] done synthesizing module 'array_mul' (2#1) [C:/Users/User/Desktop/STM/Lab3/Array_Multiplier/array_mul.v:1]
---------------------------------------------------------------------------------
Finished Synthesize : Time (s): cpu = 00:00:07 ; elapsed = 00:00:07 . Memory (MB): peak = 424.551 ; gain = 167.875
---------------------------------------------------------------------------------
---------------------------------------------------------------------------------
Finished Constraint Validation : Time (s): cpu = 00:00:07 ; elapsed = 00:00:08 . Memory (MB): peak = 424.551 ; gain = 167.875
---------------------------------------------------------------------------------
---------------------------------------------------------------------------------
Start Loading Part and Timing Information
---------------------------------------------------------------------------------
Loading part: xc7k70tlfbv676-2L
---------------------------------------------------------------------------------
Finished Loading Part and Timing Information : Time (s): cpu = 00:00:07 ; elapsed = 00:00:08 . Memory (MB): peak = 424.551 ; gain = 167.875
---------------------------------------------------------------------------------
INFO: [Device 21-403] Loading part xc7k70tlfbv676-2L
---------------------------------------------------------------------------------
Finished RTL Optimization Phase 2 : Time (s): cpu = 00:00:12 ; elapsed = 00:00:11 . Memory (MB): peak = 424.551 ; gain = 167.875
---------------------------------------------------------------------------------

Report RTL Partitions: 
+-+--------------+------------+----------+
| |RTL Partition |Replication |Instances |
+-+--------------+------------+----------+
+-+--------------+------------+----------+
No constraint files found.
---------------------------------------------------------------------------------
Start RTL Component Statistics 
---------------------------------------------------------------------------------
Detailed RTL Component Info : 
+---XORs : 
	   3 Input      1 Bit         XORs := 1056  
---------------------------------------------------------------------------------
Finished RTL Component Statistics 
---------------------------------------------------------------------------------
---------------------------------------------------------------------------------
Start RTL Hierarchical Component Statistics 
---------------------------------------------------------------------------------
Hierarchical RTL Component report 
Module full_adder 
Detailed RTL Component Info : 
+---XORs : 
	   3 Input      1 Bit         XORs := 1     
---------------------------------------------------------------------------------
Finished RTL Hierarchical Component Statistics
---------------------------------------------------------------------------------
---------------------------------------------------------------------------------
Start Part Resource Summary
---------------------------------------------------------------------------------
Part Resources:
DSPs: 240 (col length:80)
BRAMs: 270 (col length: RAMB18 80 RAMB36 40)
---------------------------------------------------------------------------------
Finished Part Resource Summary
---------------------------------------------------------------------------------
No constraint files found.
---------------------------------------------------------------------------------
Start Cross Boundary and Area Optimization
---------------------------------------------------------------------------------
Warning: Parallel synthesis criteria is not met 
---------------------------------------------------------------------------------
Finished Cross Boundary and Area Optimization : Time (s): cpu = 00:00:20 ; elapsed = 00:00:22 . Memory (MB): peak = 555.000 ; gain = 298.324
---------------------------------------------------------------------------------

Report RTL Partitions: 
+-+--------------+------------+----------+
| |RTL Partition |Replication |Instances |
+-+--------------+------------+----------+
+-+--------------+------------+----------+
No constraint files found.
---------------------------------------------------------------------------------
Start Timing Optimization
---------------------------------------------------------------------------------
---------------------------------------------------------------------------------
Finished Timing Optimization : Time (s): cpu = 00:00:20 ; elapsed = 00:00:23 . Memory (MB): peak = 555.000 ; gain = 298.324
---------------------------------------------------------------------------------

Report RTL Partitions: 
+-+--------------+------------+----------+
| |RTL Partition |Replication |Instances |
+-+--------------+------------+----------+
+-+--------------+------------+----------+
---------------------------------------------------------------------------------
Start Technology Mapping
---------------------------------------------------------------------------------
---------------------------------------------------------------------------------
Finished Technology Mapping : Time (s): cpu = 00:00:22 ; elapsed = 00:00:25 . Memory (MB): peak = 555.000 ; gain = 298.324
---------------------------------------------------------------------------------

Report RTL Partitions: 
+-+--------------+------------+----------+
| |RTL Partition |Replication |Instances |
+-+--------------+------------+----------+
+-+--------------+------------+----------+
---------------------------------------------------------------------------------
Start IO Insertion
---------------------------------------------------------------------------------
---------------------------------------------------------------------------------
Start Flattening Before IO Insertion
---------------------------------------------------------------------------------
---------------------------------------------------------------------------------
Finished Flattening Before IO Insertion
---------------------------------------------------------------------------------
---------------------------------------------------------------------------------
Start Final Netlist Cleanup
---------------------------------------------------------------------------------
---------------------------------------------------------------------------------
Finished Final Netlist Cleanup
---------------------------------------------------------------------------------
---------------------------------------------------------------------------------
Finished IO Insertion : Time (s): cpu = 00:00:24 ; elapsed = 00:00:27 . Memory (MB): peak = 555.000 ; gain = 298.324
---------------------------------------------------------------------------------

Report Check Netlist: 
+------+------------------+-------+---------+-------+------------------+
|      |Item              |Errors |Warnings |Status |Description       |
+------+------------------+-------+---------+-------+------------------+
|1     |multi_driven_nets |      0|        0|Passed |Multi driven nets |
+------+------------------+-------+---------+-------+------------------+
---------------------------------------------------------------------------------
Start Renaming Generated Instances
---------------------------------------------------------------------------------
---------------------------------------------------------------------------------
Finished Renaming Generated Instances : Time (s): cpu = 00:00:24 ; elapsed = 00:00:27 . Memory (MB): peak = 555.000 ; gain = 298.324
---------------------------------------------------------------------------------

Report RTL Partitions: 
+-+--------------+------------+----------+
| |RTL Partition |Replication |Instances |
+-+--------------+------------+----------+
+-+--------------+------------+----------+
---------------------------------------------------------------------------------
Start Rebuilding User Hierarchy
---------------------------------------------------------------------------------
---------------------------------------------------------------------------------
Finished Rebuilding User Hierarchy : Time (s): cpu = 00:00:24 ; elapsed = 00:00:27 . Memory (MB): peak = 555.000 ; gain = 298.324
---------------------------------------------------------------------------------
---------------------------------------------------------------------------------
Start Renaming Generated Ports
---------------------------------------------------------------------------------
---------------------------------------------------------------------------------
Finished Renaming Generated Ports : Time (s): cpu = 00:00:24 ; elapsed = 00:00:27 . Memory (MB): peak = 555.000 ; gain = 298.324
---------------------------------------------------------------------------------
---------------------------------------------------------------------------------
Start Handling Custom Attributes
---------------------------------------------------------------------------------
---------------------------------------------------------------------------------
Finished Handling Custom Attributes : Time (s): cpu = 00:00:24 ; elapsed = 00:00:27 . Memory (MB): peak = 555.000 ; gain = 298.324
---------------------------------------------------------------------------------
---------------------------------------------------------------------------------
Start Renaming Generated Nets
---------------------------------------------------------------------------------
---------------------------------------------------------------------------------
Finished Renaming Generated Nets : Time (s): cpu = 00:00:24 ; elapsed = 00:00:27 . Memory (MB): peak = 555.000 ; gain = 298.324
---------------------------------------------------------------------------------
---------------------------------------------------------------------------------
Start Writing Synthesis Report
---------------------------------------------------------------------------------

Report BlackBoxes: 
+-+--------------+----------+
| |BlackBox name |Instances |
+-+--------------+----------+
+-+--------------+----------+

Report Cell Usage: 
+------+-----+------+
|      |Cell |Count |
+------+-----+------+
|1     |LUT2 |  1024|
|2     |LUT3 |  2112|
|3     |IBUF |    64|
|4     |OBUF |    64|
+------+-----+------+

Report Instance Areas: 
+------+-------------------------------+-----------------+------+
|      |Instance                       |Module           |Cells |
+------+-------------------------------+-----------------+------+
|1     |top                            |                 |  3264|
|2     |  \genblk1[0].genblk1[0].fa    |full_adder__1    |     2|
|3     |  \genblk1[0].genblk1[1].fa    |full_adder__2    |     2|
|4     |  \genblk1[0].genblk1[2].fa    |full_adder__3    |     2|
|5     |  \genblk1[0].genblk1[3].fa    |full_adder__4    |     2|
|6     |  \genblk1[0].genblk1[4].fa    |full_adder__5    |     2|
|7     |  \genblk1[0].genblk1[5].fa    |full_adder__6    |     2|
|8     |  \genblk1[0].genblk1[6].fa    |full_adder__7    |     2|
|9     |  \genblk1[0].genblk1[7].fa    |full_adder__8    |     2|
|10    |  \genblk1[0].genblk1[8].fa    |full_adder__9    |     2|
|11    |  \genblk1[0].genblk1[9].fa    |full_adder__10   |     2|
|12    |  \genblk1[0].genblk1[10].fa   |full_adder__11   |     2|
|13    |  \genblk1[0].genblk1[11].fa   |full_adder__12   |     2|
|14    |  \genblk1[0].genblk1[12].fa   |full_adder__13   |     2|
|15    |  \genblk1[0].genblk1[13].fa   |full_adder__14   |     2|
|16    |  \genblk1[0].genblk1[14].fa   |full_adder__15   |     2|
|17    |  \genblk1[0].genblk1[15].fa   |full_adder__16   |     2|
|18    |  \genblk1[0].genblk1[16].fa   |full_adder__17   |     2|
|19    |  \genblk1[0].genblk1[17].fa   |full_adder__18   |     2|
|20    |  \genblk1[0].genblk1[18].fa   |full_adder__19   |     2|
|21    |  \genblk1[0].genblk1[19].fa   |full_adder__20   |     2|
|22    |  \genblk1[0].genblk1[20].fa   |full_adder__21   |     2|
|23    |  \genblk1[0].genblk1[21].fa   |full_adder__22   |     2|
|24    |  \genblk1[0].genblk1[22].fa   |full_adder__23   |     2|
|25    |  \genblk1[0].genblk1[23].fa   |full_adder__24   |     2|
|26    |  \genblk1[0].genblk1[24].fa   |full_adder__25   |     2|
|27    |  \genblk1[0].genblk1[25].fa   |full_adder__26   |     2|
|28    |  \genblk1[0].genblk1[26].fa   |full_adder__27   |     2|
|29    |  \genblk1[0].genblk1[27].fa   |full_adder__28   |     2|
|30    |  \genblk1[0].genblk1[28].fa   |full_adder__29   |     2|
|31    |  \genblk1[0].genblk1[29].fa   |full_adder__30   |     2|
|32    |  \genblk1[0].genblk1[30].fa   |full_adder__31   |     2|
|33    |  \genblk1[0].genblk1[31].fa   |full_adder__32   |     2|
|34    |  \genblk1[1].genblk1[0].fa    |full_adder__33   |     2|
|35    |  \genblk1[1].genblk1[1].fa    |full_adder__34   |     2|
|36    |  \genblk1[1].genblk1[2].fa    |full_adder__35   |     2|
|37    |  \genblk1[1].genblk1[3].fa    |full_adder__36   |     2|
|38    |  \genblk1[1].genblk1[4].fa    |full_adder__37   |     2|
|39    |  \genblk1[1].genblk1[5].fa    |full_adder__38   |     2|
|40    |  \genblk1[1].genblk1[6].fa    |full_adder__39   |     2|
|41    |  \genblk1[1].genblk1[7].fa    |full_adder__40   |     2|
|42    |  \genblk1[1].genblk1[8].fa    |full_adder__41   |     2|
|43    |  \genblk1[1].genblk1[9].fa    |full_adder__42   |     2|
|44    |  \genblk1[1].genblk1[10].fa   |full_adder__43   |     2|
|45    |  \genblk1[1].genblk1[11].fa   |full_adder__44   |     2|
|46    |  \genblk1[1].genblk1[12].fa   |full_adder__45   |     2|
|47    |  \genblk1[1].genblk1[13].fa   |full_adder__46   |     2|
|48    |  \genblk1[1].genblk1[14].fa   |full_adder__47   |     2|
|49    |  \genblk1[1].genblk1[15].fa   |full_adder__48   |     2|
|50    |  \genblk1[1].genblk1[16].fa   |full_adder__49   |     2|
|51    |  \genblk1[1].genblk1[17].fa   |full_adder__50   |     2|
|52    |  \genblk1[1].genblk1[18].fa   |full_adder__51   |     2|
|53    |  \genblk1[1].genblk1[19].fa   |full_adder__52   |     2|
|54    |  \genblk1[1].genblk1[20].fa   |full_adder__53   |     2|
|55    |  \genblk1[1].genblk1[21].fa   |full_adder__54   |     2|
|56    |  \genblk1[1].genblk1[22].fa   |full_adder__55   |     2|
|57    |  \genblk1[1].genblk1[23].fa   |full_adder__56   |     2|
|58    |  \genblk1[1].genblk1[24].fa   |full_adder__57   |     2|
|59    |  \genblk1[1].genblk1[25].fa   |full_adder__58   |     2|
|60    |  \genblk1[1].genblk1[26].fa   |full_adder__59   |     2|
|61    |  \genblk1[1].genblk1[27].fa   |full_adder__60   |     2|
|62    |  \genblk1[1].genblk1[28].fa   |full_adder__61   |     2|
|63    |  \genblk1[1].genblk1[29].fa   |full_adder__62   |     2|
|64    |  \genblk1[1].genblk1[30].fa   |full_adder__63   |     2|
|65    |  \genblk1[1].genblk1[31].fa   |full_adder__64   |     2|
|66    |  \genblk1[2].genblk1[0].fa    |full_adder__65   |     2|
|67    |  \genblk1[2].genblk1[1].fa    |full_adder__66   |     2|
|68    |  \genblk1[2].genblk1[2].fa    |full_adder__67   |     2|
|69    |  \genblk1[2].genblk1[3].fa    |full_adder__68   |     2|
|70    |  \genblk1[2].genblk1[4].fa    |full_adder__69   |     2|
|71    |  \genblk1[2].genblk1[5].fa    |full_adder__70   |     2|
|72    |  \genblk1[2].genblk1[6].fa    |full_adder__71   |     2|
|73    |  \genblk1[2].genblk1[7].fa    |full_adder__72   |     2|
|74    |  \genblk1[2].genblk1[8].fa    |full_adder__73   |     2|
|75    |  \genblk1[2].genblk1[9].fa    |full_adder__74   |     2|
|76    |  \genblk1[2].genblk1[10].fa   |full_adder__75   |     2|
|77    |  \genblk1[2].genblk1[11].fa   |full_adder__76   |     2|
|78    |  \genblk1[2].genblk1[12].fa   |full_adder__77   |     2|
|79    |  \genblk1[2].genblk1[13].fa   |full_adder__78   |     2|
|80    |  \genblk1[2].genblk1[14].fa   |full_adder__79   |     2|
|81    |  \genblk1[2].genblk1[15].fa   |full_adder__80   |     2|
|82    |  \genblk1[2].genblk1[16].fa   |full_adder__81   |     2|
|83    |  \genblk1[2].genblk1[17].fa   |full_adder__82   |     2|
|84    |  \genblk1[2].genblk1[18].fa   |full_adder__83   |     2|
|85    |  \genblk1[2].genblk1[19].fa   |full_adder__84   |     2|
|86    |  \genblk1[2].genblk1[20].fa   |full_adder__85   |     2|
|87    |  \genblk1[2].genblk1[21].fa   |full_adder__86   |     2|
|88    |  \genblk1[2].genblk1[22].fa   |full_adder__87   |     2|
|89    |  \genblk1[2].genblk1[23].fa   |full_adder__88   |     2|
|90    |  \genblk1[2].genblk1[24].fa   |full_adder__89   |     2|
|91    |  \genblk1[2].genblk1[25].fa   |full_adder__90   |     2|
|92    |  \genblk1[2].genblk1[26].fa   |full_adder__91   |     2|
|93    |  \genblk1[2].genblk1[27].fa   |full_adder__92   |     2|
|94    |  \genblk1[2].genblk1[28].fa   |full_adder__93   |     2|
|95    |  \genblk1[2].genblk1[29].fa   |full_adder__94   |     2|
|96    |  \genblk1[2].genblk1[30].fa   |full_adder__95   |     2|
|97    |  \genblk1[2].genblk1[31].fa   |full_adder__96   |     2|
|98    |  \genblk1[3].genblk1[0].fa    |full_adder__97   |     2|
|99    |  \genblk1[3].genblk1[1].fa    |full_adder__98   |     2|
|100   |  \genblk1[3].genblk1[2].fa    |full_adder__99   |     2|
|101   |  \genblk1[3].genblk1[3].fa    |full_adder__100  |     2|
|102   |  \genblk1[3].genblk1[4].fa    |full_adder__101  |     2|
|103   |  \genblk1[3].genblk1[5].fa    |full_adder__102  |     2|
|104   |  \genblk1[3].genblk1[6].fa    |full_adder__103  |     2|
|105   |  \genblk1[3].genblk1[7].fa    |full_adder__104  |     2|
|106   |  \genblk1[3].genblk1[8].fa    |full_adder__105  |     2|
|107   |  \genblk1[3].genblk1[9].fa    |full_adder__106  |     2|
|108   |  \genblk1[3].genblk1[10].fa   |full_adder__107  |     2|
|109   |  \genblk1[3].genblk1[11].fa   |full_adder__108  |     2|
|110   |  \genblk1[3].genblk1[12].fa   |full_adder__109  |     2|
|111   |  \genblk1[3].genblk1[13].fa   |full_adder__110  |     2|
|112   |  \genblk1[3].genblk1[14].fa   |full_adder__111  |     2|
|113   |  \genblk1[3].genblk1[15].fa   |full_adder__112  |     2|
|114   |  \genblk1[3].genblk1[16].fa   |full_adder__113  |     2|
|115   |  \genblk1[3].genblk1[17].fa   |full_adder__114  |     2|
|116   |  \genblk1[3].genblk1[18].fa   |full_adder__115  |     2|
|117   |  \genblk1[3].genblk1[19].fa   |full_adder__116  |     2|
|118   |  \genblk1[3].genblk1[20].fa   |full_adder__117  |     2|
|119   |  \genblk1[3].genblk1[21].fa   |full_adder__118  |     2|
|120   |  \genblk1[3].genblk1[22].fa   |full_adder__119  |     2|
|121   |  \genblk1[3].genblk1[23].fa   |full_adder__120  |     2|
|122   |  \genblk1[3].genblk1[24].fa   |full_adder__121  |     2|
|123   |  \genblk1[3].genblk1[25].fa   |full_adder__122  |     2|
|124   |  \genblk1[3].genblk1[26].fa   |full_adder__123  |     2|
|125   |  \genblk1[3].genblk1[27].fa   |full_adder__124  |     2|
|126   |  \genblk1[3].genblk1[28].fa   |full_adder__125  |     2|
|127   |  \genblk1[3].genblk1[29].fa   |full_adder__126  |     2|
|128   |  \genblk1[3].genblk1[30].fa   |full_adder__127  |     2|
|129   |  \genblk1[3].genblk1[31].fa   |full_adder__128  |     2|
|130   |  \genblk1[4].genblk1[0].fa    |full_adder__129  |     2|
|131   |  \genblk1[4].genblk1[1].fa    |full_adder__130  |     2|
|132   |  \genblk1[4].genblk1[2].fa    |full_adder__131  |     2|
|133   |  \genblk1[4].genblk1[3].fa    |full_adder__132  |     2|
|134   |  \genblk1[4].genblk1[4].fa    |full_adder__133  |     2|
|135   |  \genblk1[4].genblk1[5].fa    |full_adder__134  |     2|
|136   |  \genblk1[4].genblk1[6].fa    |full_adder__135  |     2|
|137   |  \genblk1[4].genblk1[7].fa    |full_adder__136  |     2|
|138   |  \genblk1[4].genblk1[8].fa    |full_adder__137  |     2|
|139   |  \genblk1[4].genblk1[9].fa    |full_adder__138  |     2|
|140   |  \genblk1[4].genblk1[10].fa   |full_adder__139  |     2|
|141   |  \genblk1[4].genblk1[11].fa   |full_adder__140  |     2|
|142   |  \genblk1[4].genblk1[12].fa   |full_adder__141  |     2|
|143   |  \genblk1[4].genblk1[13].fa   |full_adder__142  |     2|
|144   |  \genblk1[4].genblk1[14].fa   |full_adder__143  |     2|
|145   |  \genblk1[4].genblk1[15].fa   |full_adder__144  |     2|
|146   |  \genblk1[4].genblk1[16].fa   |full_adder__145  |     2|
|147   |  \genblk1[4].genblk1[17].fa   |full_adder__146  |     2|
|148   |  \genblk1[4].genblk1[18].fa   |full_adder__147  |     2|
|149   |  \genblk1[4].genblk1[19].fa   |full_adder__148  |     2|
|150   |  \genblk1[4].genblk1[20].fa   |full_adder__149  |     2|
|151   |  \genblk1[4].genblk1[21].fa   |full_adder__150  |     2|
|152   |  \genblk1[4].genblk1[22].fa   |full_adder__151  |     2|
|153   |  \genblk1[4].genblk1[23].fa   |full_adder__152  |     2|
|154   |  \genblk1[4].genblk1[24].fa   |full_adder__153  |     2|
|155   |  \genblk1[4].genblk1[25].fa   |full_adder__154  |     2|
|156   |  \genblk1[4].genblk1[26].fa   |full_adder__155  |     2|
|157   |  \genblk1[4].genblk1[27].fa   |full_adder__156  |     2|
|158   |  \genblk1[4].genblk1[28].fa   |full_adder__157  |     2|
|159   |  \genblk1[4].genblk1[29].fa   |full_adder__158  |     2|
|160   |  \genblk1[4].genblk1[30].fa   |full_adder__159  |     2|
|161   |  \genblk1[4].genblk1[31].fa   |full_adder__160  |     2|
|162   |  \genblk1[5].genblk1[0].fa    |full_adder__161  |     2|
|163   |  \genblk1[5].genblk1[1].fa    |full_adder__162  |     2|
|164   |  \genblk1[5].genblk1[2].fa    |full_adder__163  |     2|
|165   |  \genblk1[5].genblk1[3].fa    |full_adder__164  |     2|
|166   |  \genblk1[5].genblk1[4].fa    |full_adder__165  |     2|
|167   |  \genblk1[5].genblk1[5].fa    |full_adder__166  |     2|
|168   |  \genblk1[5].genblk1[6].fa    |full_adder__167  |     2|
|169   |  \genblk1[5].genblk1[7].fa    |full_adder__168  |     2|
|170   |  \genblk1[5].genblk1[8].fa    |full_adder__169  |     2|
|171   |  \genblk1[5].genblk1[9].fa    |full_adder__170  |     2|
|172   |  \genblk1[5].genblk1[10].fa   |full_adder__171  |     2|
|173   |  \genblk1[5].genblk1[11].fa   |full_adder__172  |     2|
|174   |  \genblk1[5].genblk1[12].fa   |full_adder__173  |     2|
|175   |  \genblk1[5].genblk1[13].fa   |full_adder__174  |     2|
|176   |  \genblk1[5].genblk1[14].fa   |full_adder__175  |     2|
|177   |  \genblk1[5].genblk1[15].fa   |full_adder__176  |     2|
|178   |  \genblk1[5].genblk1[16].fa   |full_adder__177  |     2|
|179   |  \genblk1[5].genblk1[17].fa   |full_adder__178  |     2|
|180   |  \genblk1[5].genblk1[18].fa   |full_adder__179  |     2|
|181   |  \genblk1[5].genblk1[19].fa   |full_adder__180  |     2|
|182   |  \genblk1[5].genblk1[20].fa   |full_adder__181  |     2|
|183   |  \genblk1[5].genblk1[21].fa   |full_adder__182  |     2|
|184   |  \genblk1[5].genblk1[22].fa   |full_adder__183  |     2|
|185   |  \genblk1[5].genblk1[23].fa   |full_adder__184  |     2|
|186   |  \genblk1[5].genblk1[24].fa   |full_adder__185  |     2|
|187   |  \genblk1[5].genblk1[25].fa   |full_adder__186  |     2|
|188   |  \genblk1[5].genblk1[26].fa   |full_adder__187  |     2|
|189   |  \genblk1[5].genblk1[27].fa   |full_adder__188  |     2|
|190   |  \genblk1[5].genblk1[28].fa   |full_adder__189  |     2|
|191   |  \genblk1[5].genblk1[29].fa   |full_adder__190  |     2|
|192   |  \genblk1[5].genblk1[30].fa   |full_adder__191  |     2|
|193   |  \genblk1[5].genblk1[31].fa   |full_adder__192  |     2|
|194   |  \genblk1[6].genblk1[0].fa    |full_adder__193  |     2|
|195   |  \genblk1[6].genblk1[1].fa    |full_adder__194  |     2|
|196   |  \genblk1[6].genblk1[2].fa    |full_adder__195  |     2|
|197   |  \genblk1[6].genblk1[3].fa    |full_adder__196  |     2|
|198   |  \genblk1[6].genblk1[4].fa    |full_adder__197  |     2|
|199   |  \genblk1[6].genblk1[5].fa    |full_adder__198  |     2|
|200   |  \genblk1[6].genblk1[6].fa    |full_adder__199  |     2|
|201   |  \genblk1[6].genblk1[7].fa    |full_adder__200  |     2|
|202   |  \genblk1[6].genblk1[8].fa    |full_adder__201  |     2|
|203   |  \genblk1[6].genblk1[9].fa    |full_adder__202  |     2|
|204   |  \genblk1[6].genblk1[10].fa   |full_adder__203  |     2|
|205   |  \genblk1[6].genblk1[11].fa   |full_adder__204  |     2|
|206   |  \genblk1[6].genblk1[12].fa   |full_adder__205  |     2|
|207   |  \genblk1[6].genblk1[13].fa   |full_adder__206  |     2|
|208   |  \genblk1[6].genblk1[14].fa   |full_adder__207  |     2|
|209   |  \genblk1[6].genblk1[15].fa   |full_adder__208  |     2|
|210   |  \genblk1[6].genblk1[16].fa   |full_adder__209  |     2|
|211   |  \genblk1[6].genblk1[17].fa   |full_adder__210  |     2|
|212   |  \genblk1[6].genblk1[18].fa   |full_adder__211  |     2|
|213   |  \genblk1[6].genblk1[19].fa   |full_adder__212  |     2|
|214   |  \genblk1[6].genblk1[20].fa   |full_adder__213  |     2|
|215   |  \genblk1[6].genblk1[21].fa   |full_adder__214  |     2|
|216   |  \genblk1[6].genblk1[22].fa   |full_adder__215  |     2|
|217   |  \genblk1[6].genblk1[23].fa   |full_adder__216  |     2|
|218   |  \genblk1[6].genblk1[24].fa   |full_adder__217  |     2|
|219   |  \genblk1[6].genblk1[25].fa   |full_adder__218  |     2|
|220   |  \genblk1[6].genblk1[26].fa   |full_adder__219  |     2|
|221   |  \genblk1[6].genblk1[27].fa   |full_adder__220  |     2|
|222   |  \genblk1[6].genblk1[28].fa   |full_adder__221  |     2|
|223   |  \genblk1[6].genblk1[29].fa   |full_adder__222  |     2|
|224   |  \genblk1[6].genblk1[30].fa   |full_adder__223  |     2|
|225   |  \genblk1[6].genblk1[31].fa   |full_adder__224  |     2|
|226   |  \genblk1[7].genblk1[0].fa    |full_adder__225  |     2|
|227   |  \genblk1[7].genblk1[1].fa    |full_adder__226  |     2|
|228   |  \genblk1[7].genblk1[2].fa    |full_adder__227  |     2|
|229   |  \genblk1[7].genblk1[3].fa    |full_adder__228  |     2|
|230   |  \genblk1[7].genblk1[4].fa    |full_adder__229  |     2|
|231   |  \genblk1[7].genblk1[5].fa    |full_adder__230  |     2|
|232   |  \genblk1[7].genblk1[6].fa    |full_adder__231  |     2|
|233   |  \genblk1[7].genblk1[7].fa    |full_adder__232  |     2|
|234   |  \genblk1[7].genblk1[8].fa    |full_adder__233  |     2|
|235   |  \genblk1[7].genblk1[9].fa    |full_adder__234  |     2|
|236   |  \genblk1[7].genblk1[10].fa   |full_adder__235  |     2|
|237   |  \genblk1[7].genblk1[11].fa   |full_adder__236  |     2|
|238   |  \genblk1[7].genblk1[12].fa   |full_adder__237  |     2|
|239   |  \genblk1[7].genblk1[13].fa   |full_adder__238  |     2|
|240   |  \genblk1[7].genblk1[14].fa   |full_adder__239  |     2|
|241   |  \genblk1[7].genblk1[15].fa   |full_adder__240  |     2|
|242   |  \genblk1[7].genblk1[16].fa   |full_adder__241  |     2|
|243   |  \genblk1[7].genblk1[17].fa   |full_adder__242  |     2|
|244   |  \genblk1[7].genblk1[18].fa   |full_adder__243  |     2|
|245   |  \genblk1[7].genblk1[19].fa   |full_adder__244  |     2|
|246   |  \genblk1[7].genblk1[20].fa   |full_adder__245  |     2|
|247   |  \genblk1[7].genblk1[21].fa   |full_adder__246  |     2|
|248   |  \genblk1[7].genblk1[22].fa   |full_adder__247  |     2|
|249   |  \genblk1[7].genblk1[23].fa   |full_adder__248  |     2|
|250   |  \genblk1[7].genblk1[24].fa   |full_adder__249  |     2|
|251   |  \genblk1[7].genblk1[25].fa   |full_adder__250  |     2|
|252   |  \genblk1[7].genblk1[26].fa   |full_adder__251  |     2|
|253   |  \genblk1[7].genblk1[27].fa   |full_adder__252  |     2|
|254   |  \genblk1[7].genblk1[28].fa   |full_adder__253  |     2|
|255   |  \genblk1[7].genblk1[29].fa   |full_adder__254  |     2|
|256   |  \genblk1[7].genblk1[30].fa   |full_adder__255  |     2|
|257   |  \genblk1[7].genblk1[31].fa   |full_adder__256  |     2|
|258   |  \genblk1[8].genblk1[0].fa    |full_adder__257  |     2|
|259   |  \genblk1[8].genblk1[1].fa    |full_adder__258  |     2|
|260   |  \genblk1[8].genblk1[2].fa    |full_adder__259  |     2|
|261   |  \genblk1[8].genblk1[3].fa    |full_adder__260  |     2|
|262   |  \genblk1[8].genblk1[4].fa    |full_adder__261  |     2|
|263   |  \genblk1[8].genblk1[5].fa    |full_adder__262  |     2|
|264   |  \genblk1[8].genblk1[6].fa    |full_adder__263  |     2|
|265   |  \genblk1[8].genblk1[7].fa    |full_adder__264  |     2|
|266   |  \genblk1[8].genblk1[8].fa    |full_adder__265  |     2|
|267   |  \genblk1[8].genblk1[9].fa    |full_adder__266  |     2|
|268   |  \genblk1[8].genblk1[10].fa   |full_adder__267  |     2|
|269   |  \genblk1[8].genblk1[11].fa   |full_adder__268  |     2|
|270   |  \genblk1[8].genblk1[12].fa   |full_adder__269  |     2|
|271   |  \genblk1[8].genblk1[13].fa   |full_adder__270  |     2|
|272   |  \genblk1[8].genblk1[14].fa   |full_adder__271  |     2|
|273   |  \genblk1[8].genblk1[15].fa   |full_adder__272  |     2|
|274   |  \genblk1[8].genblk1[16].fa   |full_adder__273  |     2|
|275   |  \genblk1[8].genblk1[17].fa   |full_adder__274  |     2|
|276   |  \genblk1[8].genblk1[18].fa   |full_adder__275  |     2|
|277   |  \genblk1[8].genblk1[19].fa   |full_adder__276  |     2|
|278   |  \genblk1[8].genblk1[20].fa   |full_adder__277  |     2|
|279   |  \genblk1[8].genblk1[21].fa   |full_adder__278  |     2|
|280   |  \genblk1[8].genblk1[22].fa   |full_adder__279  |     2|
|281   |  \genblk1[8].genblk1[23].fa   |full_adder__280  |     2|
|282   |  \genblk1[8].genblk1[24].fa   |full_adder__281  |     2|
|283   |  \genblk1[8].genblk1[25].fa   |full_adder__282  |     2|
|284   |  \genblk1[8].genblk1[26].fa   |full_adder__283  |     2|
|285   |  \genblk1[8].genblk1[27].fa   |full_adder__284  |     2|
|286   |  \genblk1[8].genblk1[28].fa   |full_adder__285  |     2|
|287   |  \genblk1[8].genblk1[29].fa   |full_adder__286  |     2|
|288   |  \genblk1[8].genblk1[30].fa   |full_adder__287  |     2|
|289   |  \genblk1[8].genblk1[31].fa   |full_adder__288  |     2|
|290   |  \genblk1[9].genblk1[0].fa    |full_adder__289  |     2|
|291   |  \genblk1[9].genblk1[1].fa    |full_adder__290  |     2|
|292   |  \genblk1[9].genblk1[2].fa    |full_adder__291  |     2|
|293   |  \genblk1[9].genblk1[3].fa    |full_adder__292  |     2|
|294   |  \genblk1[9].genblk1[4].fa    |full_adder__293  |     2|
|295   |  \genblk1[9].genblk1[5].fa    |full_adder__294  |     2|
|296   |  \genblk1[9].genblk1[6].fa    |full_adder__295  |     2|
|297   |  \genblk1[9].genblk1[7].fa    |full_adder__296  |     2|
|298   |  \genblk1[9].genblk1[8].fa    |full_adder__297  |     2|
|299   |  \genblk1[9].genblk1[9].fa    |full_adder__298  |     2|
|300   |  \genblk1[9].genblk1[10].fa   |full_adder__299  |     2|
|301   |  \genblk1[9].genblk1[11].fa   |full_adder__300  |     2|
|302   |  \genblk1[9].genblk1[12].fa   |full_adder__301  |     2|
|303   |  \genblk1[9].genblk1[13].fa   |full_adder__302  |     2|
|304   |  \genblk1[9].genblk1[14].fa   |full_adder__303  |     2|
|305   |  \genblk1[9].genblk1[15].fa   |full_adder__304  |     2|
|306   |  \genblk1[9].genblk1[16].fa   |full_adder__305  |     2|
|307   |  \genblk1[9].genblk1[17].fa   |full_adder__306  |     2|
|308   |  \genblk1[9].genblk1[18].fa   |full_adder__307  |     2|
|309   |  \genblk1[9].genblk1[19].fa   |full_adder__308  |     2|
|310   |  \genblk1[9].genblk1[20].fa   |full_adder__309  |     2|
|311   |  \genblk1[9].genblk1[21].fa   |full_adder__310  |     2|
|312   |  \genblk1[9].genblk1[22].fa   |full_adder__311  |     2|
|313   |  \genblk1[9].genblk1[23].fa   |full_adder__312  |     2|
|314   |  \genblk1[9].genblk1[24].fa   |full_adder__313  |     2|
|315   |  \genblk1[9].genblk1[25].fa   |full_adder__314  |     2|
|316   |  \genblk1[9].genblk1[26].fa   |full_adder__315  |     2|
|317   |  \genblk1[9].genblk1[27].fa   |full_adder__316  |     2|
|318   |  \genblk1[9].genblk1[28].fa   |full_adder__317  |     2|
|319   |  \genblk1[9].genblk1[29].fa   |full_adder__318  |     2|
|320   |  \genblk1[9].genblk1[30].fa   |full_adder__319  |     2|
|321   |  \genblk1[9].genblk1[31].fa   |full_adder__320  |     2|
|322   |  \genblk1[10].genblk1[0].fa   |full_adder__321  |     2|
|323   |  \genblk1[10].genblk1[1].fa   |full_adder__322  |     2|
|324   |  \genblk1[10].genblk1[2].fa   |full_adder__323  |     2|
|325   |  \genblk1[10].genblk1[3].fa   |full_adder__324  |     2|
|326   |  \genblk1[10].genblk1[4].fa   |full_adder__325  |     2|
|327   |  \genblk1[10].genblk1[5].fa   |full_adder__326  |     2|
|328   |  \genblk1[10].genblk1[6].fa   |full_adder__327  |     2|
|329   |  \genblk1[10].genblk1[7].fa   |full_adder__328  |     2|
|330   |  \genblk1[10].genblk1[8].fa   |full_adder__329  |     2|
|331   |  \genblk1[10].genblk1[9].fa   |full_adder__330  |     2|
|332   |  \genblk1[10].genblk1[10].fa  |full_adder__331  |     2|
|333   |  \genblk1[10].genblk1[11].fa  |full_adder__332  |     2|
|334   |  \genblk1[10].genblk1[12].fa  |full_adder__333  |     2|
|335   |  \genblk1[10].genblk1[13].fa  |full_adder__334  |     2|
|336   |  \genblk1[10].genblk1[14].fa  |full_adder__335  |     2|
|337   |  \genblk1[10].genblk1[15].fa  |full_adder__336  |     2|
|338   |  \genblk1[10].genblk1[16].fa  |full_adder__337  |     2|
|339   |  \genblk1[10].genblk1[17].fa  |full_adder__338  |     2|
|340   |  \genblk1[10].genblk1[18].fa  |full_adder__339  |     2|
|341   |  \genblk1[10].genblk1[19].fa  |full_adder__340  |     2|
|342   |  \genblk1[10].genblk1[20].fa  |full_adder__341  |     2|
|343   |  \genblk1[10].genblk1[21].fa  |full_adder__342  |     2|
|344   |  \genblk1[10].genblk1[22].fa  |full_adder__343  |     2|
|345   |  \genblk1[10].genblk1[23].fa  |full_adder__344  |     2|
|346   |  \genblk1[10].genblk1[24].fa  |full_adder__345  |     2|
|347   |  \genblk1[10].genblk1[25].fa  |full_adder__346  |     2|
|348   |  \genblk1[10].genblk1[26].fa  |full_adder__347  |     2|
|349   |  \genblk1[10].genblk1[27].fa  |full_adder__348  |     2|
|350   |  \genblk1[10].genblk1[28].fa  |full_adder__349  |     2|
|351   |  \genblk1[10].genblk1[29].fa  |full_adder__350  |     2|
|352   |  \genblk1[10].genblk1[30].fa  |full_adder__351  |     2|
|353   |  \genblk1[10].genblk1[31].fa  |full_adder__352  |     2|
|354   |  \genblk1[11].genblk1[0].fa   |full_adder__353  |     2|
|355   |  \genblk1[11].genblk1[1].fa   |full_adder__354  |     2|
|356   |  \genblk1[11].genblk1[2].fa   |full_adder__355  |     2|
|357   |  \genblk1[11].genblk1[3].fa   |full_adder__356  |     2|
|358   |  \genblk1[11].genblk1[4].fa   |full_adder__357  |     2|
|359   |  \genblk1[11].genblk1[5].fa   |full_adder__358  |     2|
|360   |  \genblk1[11].genblk1[6].fa   |full_adder__359  |     2|
|361   |  \genblk1[11].genblk1[7].fa   |full_adder__360  |     2|
|362   |  \genblk1[11].genblk1[8].fa   |full_adder__361  |     2|
|363   |  \genblk1[11].genblk1[9].fa   |full_adder__362  |     2|
|364   |  \genblk1[11].genblk1[10].fa  |full_adder__363  |     2|
|365   |  \genblk1[11].genblk1[11].fa  |full_adder__364  |     2|
|366   |  \genblk1[11].genblk1[12].fa  |full_adder__365  |     2|
|367   |  \genblk1[11].genblk1[13].fa  |full_adder__366  |     2|
|368   |  \genblk1[11].genblk1[14].fa  |full_adder__367  |     2|
|369   |  \genblk1[11].genblk1[15].fa  |full_adder__368  |     2|
|370   |  \genblk1[11].genblk1[16].fa  |full_adder__369  |     2|
|371   |  \genblk1[11].genblk1[17].fa  |full_adder__370  |     2|
|372   |  \genblk1[11].genblk1[18].fa  |full_adder__371  |     2|
|373   |  \genblk1[11].genblk1[19].fa  |full_adder__372  |     2|
|374   |  \genblk1[11].genblk1[20].fa  |full_adder__373  |     2|
|375   |  \genblk1[11].genblk1[21].fa  |full_adder__374  |     2|
|376   |  \genblk1[11].genblk1[22].fa  |full_adder__375  |     2|
|377   |  \genblk1[11].genblk1[23].fa  |full_adder__376  |     2|
|378   |  \genblk1[11].genblk1[24].fa  |full_adder__377  |     2|
|379   |  \genblk1[11].genblk1[25].fa  |full_adder__378  |     2|
|380   |  \genblk1[11].genblk1[26].fa  |full_adder__379  |     2|
|381   |  \genblk1[11].genblk1[27].fa  |full_adder__380  |     2|
|382   |  \genblk1[11].genblk1[28].fa  |full_adder__381  |     2|
|383   |  \genblk1[11].genblk1[29].fa  |full_adder__382  |     2|
|384   |  \genblk1[11].genblk1[30].fa  |full_adder__383  |     2|
|385   |  \genblk1[11].genblk1[31].fa  |full_adder__384  |     2|
|386   |  \genblk1[12].genblk1[0].fa   |full_adder__385  |     2|
|387   |  \genblk1[12].genblk1[1].fa   |full_adder__386  |     2|
|388   |  \genblk1[12].genblk1[2].fa   |full_adder__387  |     2|
|389   |  \genblk1[12].genblk1[3].fa   |full_adder__388  |     2|
|390   |  \genblk1[12].genblk1[4].fa   |full_adder__389  |     2|
|391   |  \genblk1[12].genblk1[5].fa   |full_adder__390  |     2|
|392   |  \genblk1[12].genblk1[6].fa   |full_adder__391  |     2|
|393   |  \genblk1[12].genblk1[7].fa   |full_adder__392  |     2|
|394   |  \genblk1[12].genblk1[8].fa   |full_adder__393  |     2|
|395   |  \genblk1[12].genblk1[9].fa   |full_adder__394  |     2|
|396   |  \genblk1[12].genblk1[10].fa  |full_adder__395  |     2|
|397   |  \genblk1[12].genblk1[11].fa  |full_adder__396  |     2|
|398   |  \genblk1[12].genblk1[12].fa  |full_adder__397  |     2|
|399   |  \genblk1[12].genblk1[13].fa  |full_adder__398  |     2|
|400   |  \genblk1[12].genblk1[14].fa  |full_adder__399  |     2|
|401   |  \genblk1[12].genblk1[15].fa  |full_adder__400  |     2|
|402   |  \genblk1[12].genblk1[16].fa  |full_adder__401  |     2|
|403   |  \genblk1[12].genblk1[17].fa  |full_adder__402  |     2|
|404   |  \genblk1[12].genblk1[18].fa  |full_adder__403  |     2|
|405   |  \genblk1[12].genblk1[19].fa  |full_adder__404  |     2|
|406   |  \genblk1[12].genblk1[20].fa  |full_adder__405  |     2|
|407   |  \genblk1[12].genblk1[21].fa  |full_adder__406  |     2|
|408   |  \genblk1[12].genblk1[22].fa  |full_adder__407  |     2|
|409   |  \genblk1[12].genblk1[23].fa  |full_adder__408  |     2|
|410   |  \genblk1[12].genblk1[24].fa  |full_adder__409  |     2|
|411   |  \genblk1[12].genblk1[25].fa  |full_adder__410  |     2|
|412   |  \genblk1[12].genblk1[26].fa  |full_adder__411  |     2|
|413   |  \genblk1[12].genblk1[27].fa  |full_adder__412  |     2|
|414   |  \genblk1[12].genblk1[28].fa  |full_adder__413  |     2|
|415   |  \genblk1[12].genblk1[29].fa  |full_adder__414  |     2|
|416   |  \genblk1[12].genblk1[30].fa  |full_adder__415  |     2|
|417   |  \genblk1[12].genblk1[31].fa  |full_adder__416  |     2|
|418   |  \genblk1[13].genblk1[0].fa   |full_adder__417  |     2|
|419   |  \genblk1[13].genblk1[1].fa   |full_adder__418  |     2|
|420   |  \genblk1[13].genblk1[2].fa   |full_adder__419  |     2|
|421   |  \genblk1[13].genblk1[3].fa   |full_adder__420  |     2|
|422   |  \genblk1[13].genblk1[4].fa   |full_adder__421  |     2|
|423   |  \genblk1[13].genblk1[5].fa   |full_adder__422  |     2|
|424   |  \genblk1[13].genblk1[6].fa   |full_adder__423  |     2|
|425   |  \genblk1[13].genblk1[7].fa   |full_adder__424  |     2|
|426   |  \genblk1[13].genblk1[8].fa   |full_adder__425  |     2|
|427   |  \genblk1[13].genblk1[9].fa   |full_adder__426  |     2|
|428   |  \genblk1[13].genblk1[10].fa  |full_adder__427  |     2|
|429   |  \genblk1[13].genblk1[11].fa  |full_adder__428  |     2|
|430   |  \genblk1[13].genblk1[12].fa  |full_adder__429  |     2|
|431   |  \genblk1[13].genblk1[13].fa  |full_adder__430  |     2|
|432   |  \genblk1[13].genblk1[14].fa  |full_adder__431  |     2|
|433   |  \genblk1[13].genblk1[15].fa  |full_adder__432  |     2|
|434   |  \genblk1[13].genblk1[16].fa  |full_adder__433  |     2|
|435   |  \genblk1[13].genblk1[17].fa  |full_adder__434  |     2|
|436   |  \genblk1[13].genblk1[18].fa  |full_adder__435  |     2|
|437   |  \genblk1[13].genblk1[19].fa  |full_adder__436  |     2|
|438   |  \genblk1[13].genblk1[20].fa  |full_adder__437  |     2|
|439   |  \genblk1[13].genblk1[21].fa  |full_adder__438  |     2|
|440   |  \genblk1[13].genblk1[22].fa  |full_adder__439  |     2|
|441   |  \genblk1[13].genblk1[23].fa  |full_adder__440  |     2|
|442   |  \genblk1[13].genblk1[24].fa  |full_adder__441  |     2|
|443   |  \genblk1[13].genblk1[25].fa  |full_adder__442  |     2|
|444   |  \genblk1[13].genblk1[26].fa  |full_adder__443  |     2|
|445   |  \genblk1[13].genblk1[27].fa  |full_adder__444  |     2|
|446   |  \genblk1[13].genblk1[28].fa  |full_adder__445  |     2|
|447   |  \genblk1[13].genblk1[29].fa  |full_adder__446  |     2|
|448   |  \genblk1[13].genblk1[30].fa  |full_adder__447  |     2|
|449   |  \genblk1[13].genblk1[31].fa  |full_adder__448  |     2|
|450   |  \genblk1[14].genblk1[0].fa   |full_adder__449  |     2|
|451   |  \genblk1[14].genblk1[1].fa   |full_adder__450  |     2|
|452   |  \genblk1[14].genblk1[2].fa   |full_adder__451  |     2|
|453   |  \genblk1[14].genblk1[3].fa   |full_adder__452  |     2|
|454   |  \genblk1[14].genblk1[4].fa   |full_adder__453  |     2|
|455   |  \genblk1[14].genblk1[5].fa   |full_adder__454  |     2|
|456   |  \genblk1[14].genblk1[6].fa   |full_adder__455  |     2|
|457   |  \genblk1[14].genblk1[7].fa   |full_adder__456  |     2|
|458   |  \genblk1[14].genblk1[8].fa   |full_adder__457  |     2|
|459   |  \genblk1[14].genblk1[9].fa   |full_adder__458  |     2|
|460   |  \genblk1[14].genblk1[10].fa  |full_adder__459  |     2|
|461   |  \genblk1[14].genblk1[11].fa  |full_adder__460  |     2|
|462   |  \genblk1[14].genblk1[12].fa  |full_adder__461  |     2|
|463   |  \genblk1[14].genblk1[13].fa  |full_adder__462  |     2|
|464   |  \genblk1[14].genblk1[14].fa  |full_adder__463  |     2|
|465   |  \genblk1[14].genblk1[15].fa  |full_adder__464  |     2|
|466   |  \genblk1[14].genblk1[16].fa  |full_adder__465  |     2|
|467   |  \genblk1[14].genblk1[17].fa  |full_adder__466  |     2|
|468   |  \genblk1[14].genblk1[18].fa  |full_adder__467  |     2|
|469   |  \genblk1[14].genblk1[19].fa  |full_adder__468  |     2|
|470   |  \genblk1[14].genblk1[20].fa  |full_adder__469  |     2|
|471   |  \genblk1[14].genblk1[21].fa  |full_adder__470  |     2|
|472   |  \genblk1[14].genblk1[22].fa  |full_adder__471  |     2|
|473   |  \genblk1[14].genblk1[23].fa  |full_adder__472  |     2|
|474   |  \genblk1[14].genblk1[24].fa  |full_adder__473  |     2|
|475   |  \genblk1[14].genblk1[25].fa  |full_adder__474  |     2|
|476   |  \genblk1[14].genblk1[26].fa  |full_adder__475  |     2|
|477   |  \genblk1[14].genblk1[27].fa  |full_adder__476  |     2|
|478   |  \genblk1[14].genblk1[28].fa  |full_adder__477  |     2|
|479   |  \genblk1[14].genblk1[29].fa  |full_adder__478  |     2|
|480   |  \genblk1[14].genblk1[30].fa  |full_adder__479  |     2|
|481   |  \genblk1[14].genblk1[31].fa  |full_adder__480  |     2|
|482   |  \genblk1[15].genblk1[0].fa   |full_adder__481  |     2|
|483   |  \genblk1[15].genblk1[1].fa   |full_adder__482  |     2|
|484   |  \genblk1[15].genblk1[2].fa   |full_adder__483  |     2|
|485   |  \genblk1[15].genblk1[3].fa   |full_adder__484  |     2|
|486   |  \genblk1[15].genblk1[4].fa   |full_adder__485  |     2|
|487   |  \genblk1[15].genblk1[5].fa   |full_adder__486  |     2|
|488   |  \genblk1[15].genblk1[6].fa   |full_adder__487  |     2|
|489   |  \genblk1[15].genblk1[7].fa   |full_adder__488  |     2|
|490   |  \genblk1[15].genblk1[8].fa   |full_adder__489  |     2|
|491   |  \genblk1[15].genblk1[9].fa   |full_adder__490  |     2|
|492   |  \genblk1[15].genblk1[10].fa  |full_adder__491  |     2|
|493   |  \genblk1[15].genblk1[11].fa  |full_adder__492  |     2|
|494   |  \genblk1[15].genblk1[12].fa  |full_adder__493  |     2|
|495   |  \genblk1[15].genblk1[13].fa  |full_adder__494  |     2|
|496   |  \genblk1[15].genblk1[14].fa  |full_adder__495  |     2|
|497   |  \genblk1[15].genblk1[15].fa  |full_adder__496  |     2|
|498   |  \genblk1[15].genblk1[16].fa  |full_adder__497  |     2|
|499   |  \genblk1[15].genblk1[17].fa  |full_adder__498  |     2|
|500   |  \genblk1[15].genblk1[18].fa  |full_adder__499  |     2|
|501   |  \genblk1[15].genblk1[19].fa  |full_adder__500  |     2|
|502   |  \genblk1[15].genblk1[20].fa  |full_adder__501  |     2|
|503   |  \genblk1[15].genblk1[21].fa  |full_adder__502  |     2|
|504   |  \genblk1[15].genblk1[22].fa  |full_adder__503  |     2|
|505   |  \genblk1[15].genblk1[23].fa  |full_adder__504  |     2|
|506   |  \genblk1[15].genblk1[24].fa  |full_adder__505  |     2|
|507   |  \genblk1[15].genblk1[25].fa  |full_adder__506  |     2|
|508   |  \genblk1[15].genblk1[26].fa  |full_adder__507  |     2|
|509   |  \genblk1[15].genblk1[27].fa  |full_adder__508  |     2|
|510   |  \genblk1[15].genblk1[28].fa  |full_adder__509  |     2|
|511   |  \genblk1[15].genblk1[29].fa  |full_adder__510  |     2|
|512   |  \genblk1[15].genblk1[30].fa  |full_adder__511  |     2|
|513   |  \genblk1[15].genblk1[31].fa  |full_adder__512  |     2|
|514   |  \genblk1[16].genblk1[0].fa   |full_adder__513  |     2|
|515   |  \genblk1[16].genblk1[1].fa   |full_adder__514  |     2|
|516   |  \genblk1[16].genblk1[2].fa   |full_adder__515  |     2|
|517   |  \genblk1[16].genblk1[3].fa   |full_adder__516  |     2|
|518   |  \genblk1[16].genblk1[4].fa   |full_adder__517  |     2|
|519   |  \genblk1[16].genblk1[5].fa   |full_adder__518  |     2|
|520   |  \genblk1[16].genblk1[6].fa   |full_adder__519  |     2|
|521   |  \genblk1[16].genblk1[7].fa   |full_adder__520  |     2|
|522   |  \genblk1[16].genblk1[8].fa   |full_adder__521  |     2|
|523   |  \genblk1[16].genblk1[9].fa   |full_adder__522  |     2|
|524   |  \genblk1[16].genblk1[10].fa  |full_adder__523  |     2|
|525   |  \genblk1[16].genblk1[11].fa  |full_adder__524  |     2|
|526   |  \genblk1[16].genblk1[12].fa  |full_adder__525  |     2|
|527   |  \genblk1[16].genblk1[13].fa  |full_adder__526  |     2|
|528   |  \genblk1[16].genblk1[14].fa  |full_adder__527  |     2|
|529   |  \genblk1[16].genblk1[15].fa  |full_adder__528  |     2|
|530   |  \genblk1[16].genblk1[16].fa  |full_adder__529  |     2|
|531   |  \genblk1[16].genblk1[17].fa  |full_adder__530  |     2|
|532   |  \genblk1[16].genblk1[18].fa  |full_adder__531  |     2|
|533   |  \genblk1[16].genblk1[19].fa  |full_adder__532  |     2|
|534   |  \genblk1[16].genblk1[20].fa  |full_adder__533  |     2|
|535   |  \genblk1[16].genblk1[21].fa  |full_adder__534  |     2|
|536   |  \genblk1[16].genblk1[22].fa  |full_adder__535  |     2|
|537   |  \genblk1[16].genblk1[23].fa  |full_adder__536  |     2|
|538   |  \genblk1[16].genblk1[24].fa  |full_adder__537  |     2|
|539   |  \genblk1[16].genblk1[25].fa  |full_adder__538  |     2|
|540   |  \genblk1[16].genblk1[26].fa  |full_adder__539  |     2|
|541   |  \genblk1[16].genblk1[27].fa  |full_adder__540  |     2|
|542   |  \genblk1[16].genblk1[28].fa  |full_adder__541  |     2|
|543   |  \genblk1[16].genblk1[29].fa  |full_adder__542  |     2|
|544   |  \genblk1[16].genblk1[30].fa  |full_adder__543  |     2|
|545   |  \genblk1[16].genblk1[31].fa  |full_adder__544  |     2|
|546   |  \genblk1[17].genblk1[0].fa   |full_adder__545  |     2|
|547   |  \genblk1[17].genblk1[1].fa   |full_adder__546  |     2|
|548   |  \genblk1[17].genblk1[2].fa   |full_adder__547  |     2|
|549   |  \genblk1[17].genblk1[3].fa   |full_adder__548  |     2|
|550   |  \genblk1[17].genblk1[4].fa   |full_adder__549  |     2|
|551   |  \genblk1[17].genblk1[5].fa   |full_adder__550  |     2|
|552   |  \genblk1[17].genblk1[6].fa   |full_adder__551  |     2|
|553   |  \genblk1[17].genblk1[7].fa   |full_adder__552  |     2|
|554   |  \genblk1[17].genblk1[8].fa   |full_adder__553  |     2|
|555   |  \genblk1[17].genblk1[9].fa   |full_adder__554  |     2|
|556   |  \genblk1[17].genblk1[10].fa  |full_adder__555  |     2|
|557   |  \genblk1[17].genblk1[11].fa  |full_adder__556  |     2|
|558   |  \genblk1[17].genblk1[12].fa  |full_adder__557  |     2|
|559   |  \genblk1[17].genblk1[13].fa  |full_adder__558  |     2|
|560   |  \genblk1[17].genblk1[14].fa  |full_adder__559  |     2|
|561   |  \genblk1[17].genblk1[15].fa  |full_adder__560  |     2|
|562   |  \genblk1[17].genblk1[16].fa  |full_adder__561  |     2|
|563   |  \genblk1[17].genblk1[17].fa  |full_adder__562  |     2|
|564   |  \genblk1[17].genblk1[18].fa  |full_adder__563  |     2|
|565   |  \genblk1[17].genblk1[19].fa  |full_adder__564  |     2|
|566   |  \genblk1[17].genblk1[20].fa  |full_adder__565  |     2|
|567   |  \genblk1[17].genblk1[21].fa  |full_adder__566  |     2|
|568   |  \genblk1[17].genblk1[22].fa  |full_adder__567  |     2|
|569   |  \genblk1[17].genblk1[23].fa  |full_adder__568  |     2|
|570   |  \genblk1[17].genblk1[24].fa  |full_adder__569  |     2|
|571   |  \genblk1[17].genblk1[25].fa  |full_adder__570  |     2|
|572   |  \genblk1[17].genblk1[26].fa  |full_adder__571  |     2|
|573   |  \genblk1[17].genblk1[27].fa  |full_adder__572  |     2|
|574   |  \genblk1[17].genblk1[28].fa  |full_adder__573  |     2|
|575   |  \genblk1[17].genblk1[29].fa  |full_adder__574  |     2|
|576   |  \genblk1[17].genblk1[30].fa  |full_adder__575  |     2|
|577   |  \genblk1[17].genblk1[31].fa  |full_adder__576  |     2|
|578   |  \genblk1[18].genblk1[0].fa   |full_adder__577  |     2|
|579   |  \genblk1[18].genblk1[1].fa   |full_adder__578  |     2|
|580   |  \genblk1[18].genblk1[2].fa   |full_adder__579  |     2|
|581   |  \genblk1[18].genblk1[3].fa   |full_adder__580  |     2|
|582   |  \genblk1[18].genblk1[4].fa   |full_adder__581  |     2|
|583   |  \genblk1[18].genblk1[5].fa   |full_adder__582  |     2|
|584   |  \genblk1[18].genblk1[6].fa   |full_adder__583  |     2|
|585   |  \genblk1[18].genblk1[7].fa   |full_adder__584  |     2|
|586   |  \genblk1[18].genblk1[8].fa   |full_adder__585  |     2|
|587   |  \genblk1[18].genblk1[9].fa   |full_adder__586  |     2|
|588   |  \genblk1[18].genblk1[10].fa  |full_adder__587  |     2|
|589   |  \genblk1[18].genblk1[11].fa  |full_adder__588  |     2|
|590   |  \genblk1[18].genblk1[12].fa  |full_adder__589  |     2|
|591   |  \genblk1[18].genblk1[13].fa  |full_adder__590  |     2|
|592   |  \genblk1[18].genblk1[14].fa  |full_adder__591  |     2|
|593   |  \genblk1[18].genblk1[15].fa  |full_adder__592  |     2|
|594   |  \genblk1[18].genblk1[16].fa  |full_adder__593  |     2|
|595   |  \genblk1[18].genblk1[17].fa  |full_adder__594  |     2|
|596   |  \genblk1[18].genblk1[18].fa  |full_adder__595  |     2|
|597   |  \genblk1[18].genblk1[19].fa  |full_adder__596  |     2|
|598   |  \genblk1[18].genblk1[20].fa  |full_adder__597  |     2|
|599   |  \genblk1[18].genblk1[21].fa  |full_adder__598  |     2|
|600   |  \genblk1[18].genblk1[22].fa  |full_adder__599  |     2|
|601   |  \genblk1[18].genblk1[23].fa  |full_adder__600  |     2|
|602   |  \genblk1[18].genblk1[24].fa  |full_adder__601  |     2|
|603   |  \genblk1[18].genblk1[25].fa  |full_adder__602  |     2|
|604   |  \genblk1[18].genblk1[26].fa  |full_adder__603  |     2|
|605   |  \genblk1[18].genblk1[27].fa  |full_adder__604  |     2|
|606   |  \genblk1[18].genblk1[28].fa  |full_adder__605  |     2|
|607   |  \genblk1[18].genblk1[29].fa  |full_adder__606  |     2|
|608   |  \genblk1[18].genblk1[30].fa  |full_adder__607  |     2|
|609   |  \genblk1[18].genblk1[31].fa  |full_adder__608  |     2|
|610   |  \genblk1[19].genblk1[0].fa   |full_adder__609  |     2|
|611   |  \genblk1[19].genblk1[1].fa   |full_adder__610  |     2|
|612   |  \genblk1[19].genblk1[2].fa   |full_adder__611  |     2|
|613   |  \genblk1[19].genblk1[3].fa   |full_adder__612  |     2|
|614   |  \genblk1[19].genblk1[4].fa   |full_adder__613  |     2|
|615   |  \genblk1[19].genblk1[5].fa   |full_adder__614  |     2|
|616   |  \genblk1[19].genblk1[6].fa   |full_adder__615  |     2|
|617   |  \genblk1[19].genblk1[7].fa   |full_adder__616  |     2|
|618   |  \genblk1[19].genblk1[8].fa   |full_adder__617  |     2|
|619   |  \genblk1[19].genblk1[9].fa   |full_adder__618  |     2|
|620   |  \genblk1[19].genblk1[10].fa  |full_adder__619  |     2|
|621   |  \genblk1[19].genblk1[11].fa  |full_adder__620  |     2|
|622   |  \genblk1[19].genblk1[12].fa  |full_adder__621  |     2|
|623   |  \genblk1[19].genblk1[13].fa  |full_adder__622  |     2|
|624   |  \genblk1[19].genblk1[14].fa  |full_adder__623  |     2|
|625   |  \genblk1[19].genblk1[15].fa  |full_adder__624  |     2|
|626   |  \genblk1[19].genblk1[16].fa  |full_adder__625  |     2|
|627   |  \genblk1[19].genblk1[17].fa  |full_adder__626  |     2|
|628   |  \genblk1[19].genblk1[18].fa  |full_adder__627  |     2|
|629   |  \genblk1[19].genblk1[19].fa  |full_adder__628  |     2|
|630   |  \genblk1[19].genblk1[20].fa  |full_adder__629  |     2|
|631   |  \genblk1[19].genblk1[21].fa  |full_adder__630  |     2|
|632   |  \genblk1[19].genblk1[22].fa  |full_adder__631  |     2|
|633   |  \genblk1[19].genblk1[23].fa  |full_adder__632  |     2|
|634   |  \genblk1[19].genblk1[24].fa  |full_adder__633  |     2|
|635   |  \genblk1[19].genblk1[25].fa  |full_adder__634  |     2|
|636   |  \genblk1[19].genblk1[26].fa  |full_adder__635  |     2|
|637   |  \genblk1[19].genblk1[27].fa  |full_adder__636  |     2|
|638   |  \genblk1[19].genblk1[28].fa  |full_adder__637  |     2|
|639   |  \genblk1[19].genblk1[29].fa  |full_adder__638  |     2|
|640   |  \genblk1[19].genblk1[30].fa  |full_adder__639  |     2|
|641   |  \genblk1[19].genblk1[31].fa  |full_adder__640  |     2|
|642   |  \genblk1[20].genblk1[0].fa   |full_adder__641  |     2|
|643   |  \genblk1[20].genblk1[1].fa   |full_adder__642  |     2|
|644   |  \genblk1[20].genblk1[2].fa   |full_adder__643  |     2|
|645   |  \genblk1[20].genblk1[3].fa   |full_adder__644  |     2|
|646   |  \genblk1[20].genblk1[4].fa   |full_adder__645  |     2|
|647   |  \genblk1[20].genblk1[5].fa   |full_adder__646  |     2|
|648   |  \genblk1[20].genblk1[6].fa   |full_adder__647  |     2|
|649   |  \genblk1[20].genblk1[7].fa   |full_adder__648  |     2|
|650   |  \genblk1[20].genblk1[8].fa   |full_adder__649  |     2|
|651   |  \genblk1[20].genblk1[9].fa   |full_adder__650  |     2|
|652   |  \genblk1[20].genblk1[10].fa  |full_adder__651  |     2|
|653   |  \genblk1[20].genblk1[11].fa  |full_adder__652  |     2|
|654   |  \genblk1[20].genblk1[12].fa  |full_adder__653  |     2|
|655   |  \genblk1[20].genblk1[13].fa  |full_adder__654  |     2|
|656   |  \genblk1[20].genblk1[14].fa  |full_adder__655  |     2|
|657   |  \genblk1[20].genblk1[15].fa  |full_adder__656  |     2|
|658   |  \genblk1[20].genblk1[16].fa  |full_adder__657  |     2|
|659   |  \genblk1[20].genblk1[17].fa  |full_adder__658  |     2|
|660   |  \genblk1[20].genblk1[18].fa  |full_adder__659  |     2|
|661   |  \genblk1[20].genblk1[19].fa  |full_adder__660  |     2|
|662   |  \genblk1[20].genblk1[20].fa  |full_adder__661  |     2|
|663   |  \genblk1[20].genblk1[21].fa  |full_adder__662  |     2|
|664   |  \genblk1[20].genblk1[22].fa  |full_adder__663  |     2|
|665   |  \genblk1[20].genblk1[23].fa  |full_adder__664  |     2|
|666   |  \genblk1[20].genblk1[24].fa  |full_adder__665  |     2|
|667   |  \genblk1[20].genblk1[25].fa  |full_adder__666  |     2|
|668   |  \genblk1[20].genblk1[26].fa  |full_adder__667  |     2|
|669   |  \genblk1[20].genblk1[27].fa  |full_adder__668  |     2|
|670   |  \genblk1[20].genblk1[28].fa  |full_adder__669  |     2|
|671   |  \genblk1[20].genblk1[29].fa  |full_adder__670  |     2|
|672   |  \genblk1[20].genblk1[30].fa  |full_adder__671  |     2|
|673   |  \genblk1[20].genblk1[31].fa  |full_adder__672  |     2|
|674   |  \genblk1[21].genblk1[0].fa   |full_adder__673  |     2|
|675   |  \genblk1[21].genblk1[1].fa   |full_adder__674  |     2|
|676   |  \genblk1[21].genblk1[2].fa   |full_adder__675  |     2|
|677   |  \genblk1[21].genblk1[3].fa   |full_adder__676  |     2|
|678   |  \genblk1[21].genblk1[4].fa   |full_adder__677  |     2|
|679   |  \genblk1[21].genblk1[5].fa   |full_adder__678  |     2|
|680   |  \genblk1[21].genblk1[6].fa   |full_adder__679  |     2|
|681   |  \genblk1[21].genblk1[7].fa   |full_adder__680  |     2|
|682   |  \genblk1[21].genblk1[8].fa   |full_adder__681  |     2|
|683   |  \genblk1[21].genblk1[9].fa   |full_adder__682  |     2|
|684   |  \genblk1[21].genblk1[10].fa  |full_adder__683  |     2|
|685   |  \genblk1[21].genblk1[11].fa  |full_adder__684  |     2|
|686   |  \genblk1[21].genblk1[12].fa  |full_adder__685  |     2|
|687   |  \genblk1[21].genblk1[13].fa  |full_adder__686  |     2|
|688   |  \genblk1[21].genblk1[14].fa  |full_adder__687  |     2|
|689   |  \genblk1[21].genblk1[15].fa  |full_adder__688  |     2|
|690   |  \genblk1[21].genblk1[16].fa  |full_adder__689  |     2|
|691   |  \genblk1[21].genblk1[17].fa  |full_adder__690  |     2|
|692   |  \genblk1[21].genblk1[18].fa  |full_adder__691  |     2|
|693   |  \genblk1[21].genblk1[19].fa  |full_adder__692  |     2|
|694   |  \genblk1[21].genblk1[20].fa  |full_adder__693  |     2|
|695   |  \genblk1[21].genblk1[21].fa  |full_adder__694  |     2|
|696   |  \genblk1[21].genblk1[22].fa  |full_adder__695  |     2|
|697   |  \genblk1[21].genblk1[23].fa  |full_adder__696  |     2|
|698   |  \genblk1[21].genblk1[24].fa  |full_adder__697  |     2|
|699   |  \genblk1[21].genblk1[25].fa  |full_adder__698  |     2|
|700   |  \genblk1[21].genblk1[26].fa  |full_adder__699  |     2|
|701   |  \genblk1[21].genblk1[27].fa  |full_adder__700  |     2|
|702   |  \genblk1[21].genblk1[28].fa  |full_adder__701  |     2|
|703   |  \genblk1[21].genblk1[29].fa  |full_adder__702  |     2|
|704   |  \genblk1[21].genblk1[30].fa  |full_adder__703  |     2|
|705   |  \genblk1[21].genblk1[31].fa  |full_adder__704  |     2|
|706   |  \genblk1[22].genblk1[0].fa   |full_adder__705  |     2|
|707   |  \genblk1[22].genblk1[1].fa   |full_adder__706  |     2|
|708   |  \genblk1[22].genblk1[2].fa   |full_adder__707  |     2|
|709   |  \genblk1[22].genblk1[3].fa   |full_adder__708  |     2|
|710   |  \genblk1[22].genblk1[4].fa   |full_adder__709  |     2|
|711   |  \genblk1[22].genblk1[5].fa   |full_adder__710  |     2|
|712   |  \genblk1[22].genblk1[6].fa   |full_adder__711  |     2|
|713   |  \genblk1[22].genblk1[7].fa   |full_adder__712  |     2|
|714   |  \genblk1[22].genblk1[8].fa   |full_adder__713  |     2|
|715   |  \genblk1[22].genblk1[9].fa   |full_adder__714  |     2|
|716   |  \genblk1[22].genblk1[10].fa  |full_adder__715  |     2|
|717   |  \genblk1[22].genblk1[11].fa  |full_adder__716  |     2|
|718   |  \genblk1[22].genblk1[12].fa  |full_adder__717  |     2|
|719   |  \genblk1[22].genblk1[13].fa  |full_adder__718  |     2|
|720   |  \genblk1[22].genblk1[14].fa  |full_adder__719  |     2|
|721   |  \genblk1[22].genblk1[15].fa  |full_adder__720  |     2|
|722   |  \genblk1[22].genblk1[16].fa  |full_adder__721  |     2|
|723   |  \genblk1[22].genblk1[17].fa  |full_adder__722  |     2|
|724   |  \genblk1[22].genblk1[18].fa  |full_adder__723  |     2|
|725   |  \genblk1[22].genblk1[19].fa  |full_adder__724  |     2|
|726   |  \genblk1[22].genblk1[20].fa  |full_adder__725  |     2|
|727   |  \genblk1[22].genblk1[21].fa  |full_adder__726  |     2|
|728   |  \genblk1[22].genblk1[22].fa  |full_adder__727  |     2|
|729   |  \genblk1[22].genblk1[23].fa  |full_adder__728  |     2|
|730   |  \genblk1[22].genblk1[24].fa  |full_adder__729  |     2|
|731   |  \genblk1[22].genblk1[25].fa  |full_adder__730  |     2|
|732   |  \genblk1[22].genblk1[26].fa  |full_adder__731  |     2|
|733   |  \genblk1[22].genblk1[27].fa  |full_adder__732  |     2|
|734   |  \genblk1[22].genblk1[28].fa  |full_adder__733  |     2|
|735   |  \genblk1[22].genblk1[29].fa  |full_adder__734  |     2|
|736   |  \genblk1[22].genblk1[30].fa  |full_adder__735  |     2|
|737   |  \genblk1[22].genblk1[31].fa  |full_adder__736  |     2|
|738   |  \genblk1[23].genblk1[0].fa   |full_adder__737  |     2|
|739   |  \genblk1[23].genblk1[1].fa   |full_adder__738  |     2|
|740   |  \genblk1[23].genblk1[2].fa   |full_adder__739  |     2|
|741   |  \genblk1[23].genblk1[3].fa   |full_adder__740  |     2|
|742   |  \genblk1[23].genblk1[4].fa   |full_adder__741  |     2|
|743   |  \genblk1[23].genblk1[5].fa   |full_adder__742  |     2|
|744   |  \genblk1[23].genblk1[6].fa   |full_adder__743  |     2|
|745   |  \genblk1[23].genblk1[7].fa   |full_adder__744  |     2|
|746   |  \genblk1[23].genblk1[8].fa   |full_adder__745  |     2|
|747   |  \genblk1[23].genblk1[9].fa   |full_adder__746  |     2|
|748   |  \genblk1[23].genblk1[10].fa  |full_adder__747  |     2|
|749   |  \genblk1[23].genblk1[11].fa  |full_adder__748  |     2|
|750   |  \genblk1[23].genblk1[12].fa  |full_adder__749  |     2|
|751   |  \genblk1[23].genblk1[13].fa  |full_adder__750  |     2|
|752   |  \genblk1[23].genblk1[14].fa  |full_adder__751  |     2|
|753   |  \genblk1[23].genblk1[15].fa  |full_adder__752  |     2|
|754   |  \genblk1[23].genblk1[16].fa  |full_adder__753  |     2|
|755   |  \genblk1[23].genblk1[17].fa  |full_adder__754  |     2|
|756   |  \genblk1[23].genblk1[18].fa  |full_adder__755  |     2|
|757   |  \genblk1[23].genblk1[19].fa  |full_adder__756  |     2|
|758   |  \genblk1[23].genblk1[20].fa  |full_adder__757  |     2|
|759   |  \genblk1[23].genblk1[21].fa  |full_adder__758  |     2|
|760   |  \genblk1[23].genblk1[22].fa  |full_adder__759  |     2|
|761   |  \genblk1[23].genblk1[23].fa  |full_adder__760  |     2|
|762   |  \genblk1[23].genblk1[24].fa  |full_adder__761  |     2|
|763   |  \genblk1[23].genblk1[25].fa  |full_adder__762  |     2|
|764   |  \genblk1[23].genblk1[26].fa  |full_adder__763  |     2|
|765   |  \genblk1[23].genblk1[27].fa  |full_adder__764  |     2|
|766   |  \genblk1[23].genblk1[28].fa  |full_adder__765  |     2|
|767   |  \genblk1[23].genblk1[29].fa  |full_adder__766  |     2|
|768   |  \genblk1[23].genblk1[30].fa  |full_adder__767  |     2|
|769   |  \genblk1[23].genblk1[31].fa  |full_adder__768  |     2|
|770   |  \genblk1[24].genblk1[0].fa   |full_adder__769  |     2|
|771   |  \genblk1[24].genblk1[1].fa   |full_adder__770  |     2|
|772   |  \genblk1[24].genblk1[2].fa   |full_adder__771  |     2|
|773   |  \genblk1[24].genblk1[3].fa   |full_adder__772  |     2|
|774   |  \genblk1[24].genblk1[4].fa   |full_adder__773  |     2|
|775   |  \genblk1[24].genblk1[5].fa   |full_adder__774  |     2|
|776   |  \genblk1[24].genblk1[6].fa   |full_adder__775  |     2|
|777   |  \genblk1[24].genblk1[7].fa   |full_adder__776  |     2|
|778   |  \genblk1[24].genblk1[8].fa   |full_adder__777  |     2|
|779   |  \genblk1[24].genblk1[9].fa   |full_adder__778  |     2|
|780   |  \genblk1[24].genblk1[10].fa  |full_adder__779  |     2|
|781   |  \genblk1[24].genblk1[11].fa  |full_adder__780  |     2|
|782   |  \genblk1[24].genblk1[12].fa  |full_adder__781  |     2|
|783   |  \genblk1[24].genblk1[13].fa  |full_adder__782  |     2|
|784   |  \genblk1[24].genblk1[14].fa  |full_adder__783  |     2|
|785   |  \genblk1[24].genblk1[15].fa  |full_adder__784  |     2|
|786   |  \genblk1[24].genblk1[16].fa  |full_adder__785  |     2|
|787   |  \genblk1[24].genblk1[17].fa  |full_adder__786  |     2|
|788   |  \genblk1[24].genblk1[18].fa  |full_adder__787  |     2|
|789   |  \genblk1[24].genblk1[19].fa  |full_adder__788  |     2|
|790   |  \genblk1[24].genblk1[20].fa  |full_adder__789  |     2|
|791   |  \genblk1[24].genblk1[21].fa  |full_adder__790  |     2|
|792   |  \genblk1[24].genblk1[22].fa  |full_adder__791  |     2|
|793   |  \genblk1[24].genblk1[23].fa  |full_adder__792  |     2|
|794   |  \genblk1[24].genblk1[24].fa  |full_adder__793  |     2|
|795   |  \genblk1[24].genblk1[25].fa  |full_adder__794  |     2|
|796   |  \genblk1[24].genblk1[26].fa  |full_adder__795  |     2|
|797   |  \genblk1[24].genblk1[27].fa  |full_adder__796  |     2|
|798   |  \genblk1[24].genblk1[28].fa  |full_adder__797  |     2|
|799   |  \genblk1[24].genblk1[29].fa  |full_adder__798  |     2|
|800   |  \genblk1[24].genblk1[30].fa  |full_adder__799  |     2|
|801   |  \genblk1[24].genblk1[31].fa  |full_adder__800  |     2|
|802   |  \genblk1[25].genblk1[0].fa   |full_adder__801  |     2|
|803   |  \genblk1[25].genblk1[1].fa   |full_adder__802  |     2|
|804   |  \genblk1[25].genblk1[2].fa   |full_adder__803  |     2|
|805   |  \genblk1[25].genblk1[3].fa   |full_adder__804  |     2|
|806   |  \genblk1[25].genblk1[4].fa   |full_adder__805  |     2|
|807   |  \genblk1[25].genblk1[5].fa   |full_adder__806  |     2|
|808   |  \genblk1[25].genblk1[6].fa   |full_adder__807  |     2|
|809   |  \genblk1[25].genblk1[7].fa   |full_adder__808  |     2|
|810   |  \genblk1[25].genblk1[8].fa   |full_adder__809  |     2|
|811   |  \genblk1[25].genblk1[9].fa   |full_adder__810  |     2|
|812   |  \genblk1[25].genblk1[10].fa  |full_adder__811  |     2|
|813   |  \genblk1[25].genblk1[11].fa  |full_adder__812  |     2|
|814   |  \genblk1[25].genblk1[12].fa  |full_adder__813  |     2|
|815   |  \genblk1[25].genblk1[13].fa  |full_adder__814  |     2|
|816   |  \genblk1[25].genblk1[14].fa  |full_adder__815  |     2|
|817   |  \genblk1[25].genblk1[15].fa  |full_adder__816  |     2|
|818   |  \genblk1[25].genblk1[16].fa  |full_adder__817  |     2|
|819   |  \genblk1[25].genblk1[17].fa  |full_adder__818  |     2|
|820   |  \genblk1[25].genblk1[18].fa  |full_adder__819  |     2|
|821   |  \genblk1[25].genblk1[19].fa  |full_adder__820  |     2|
|822   |  \genblk1[25].genblk1[20].fa  |full_adder__821  |     2|
|823   |  \genblk1[25].genblk1[21].fa  |full_adder__822  |     2|
|824   |  \genblk1[25].genblk1[22].fa  |full_adder__823  |     2|
|825   |  \genblk1[25].genblk1[23].fa  |full_adder__824  |     2|
|826   |  \genblk1[25].genblk1[24].fa  |full_adder__825  |     2|
|827   |  \genblk1[25].genblk1[25].fa  |full_adder__826  |     2|
|828   |  \genblk1[25].genblk1[26].fa  |full_adder__827  |     2|
|829   |  \genblk1[25].genblk1[27].fa  |full_adder__828  |     2|
|830   |  \genblk1[25].genblk1[28].fa  |full_adder__829  |     2|
|831   |  \genblk1[25].genblk1[29].fa  |full_adder__830  |     2|
|832   |  \genblk1[25].genblk1[30].fa  |full_adder__831  |     2|
|833   |  \genblk1[25].genblk1[31].fa  |full_adder__832  |     2|
|834   |  \genblk1[26].genblk1[0].fa   |full_adder__833  |     2|
|835   |  \genblk1[26].genblk1[1].fa   |full_adder__834  |     2|
|836   |  \genblk1[26].genblk1[2].fa   |full_adder__835  |     2|
|837   |  \genblk1[26].genblk1[3].fa   |full_adder__836  |     2|
|838   |  \genblk1[26].genblk1[4].fa   |full_adder__837  |     2|
|839   |  \genblk1[26].genblk1[5].fa   |full_adder__838  |     2|
|840   |  \genblk1[26].genblk1[6].fa   |full_adder__839  |     2|
|841   |  \genblk1[26].genblk1[7].fa   |full_adder__840  |     2|
|842   |  \genblk1[26].genblk1[8].fa   |full_adder__841  |     2|
|843   |  \genblk1[26].genblk1[9].fa   |full_adder__842  |     2|
|844   |  \genblk1[26].genblk1[10].fa  |full_adder__843  |     2|
|845   |  \genblk1[26].genblk1[11].fa  |full_adder__844  |     2|
|846   |  \genblk1[26].genblk1[12].fa  |full_adder__845  |     2|
|847   |  \genblk1[26].genblk1[13].fa  |full_adder__846  |     2|
|848   |  \genblk1[26].genblk1[14].fa  |full_adder__847  |     2|
|849   |  \genblk1[26].genblk1[15].fa  |full_adder__848  |     2|
|850   |  \genblk1[26].genblk1[16].fa  |full_adder__849  |     2|
|851   |  \genblk1[26].genblk1[17].fa  |full_adder__850  |     2|
|852   |  \genblk1[26].genblk1[18].fa  |full_adder__851  |     2|
|853   |  \genblk1[26].genblk1[19].fa  |full_adder__852  |     2|
|854   |  \genblk1[26].genblk1[20].fa  |full_adder__853  |     2|
|855   |  \genblk1[26].genblk1[21].fa  |full_adder__854  |     2|
|856   |  \genblk1[26].genblk1[22].fa  |full_adder__855  |     2|
|857   |  \genblk1[26].genblk1[23].fa  |full_adder__856  |     2|
|858   |  \genblk1[26].genblk1[24].fa  |full_adder__857  |     2|
|859   |  \genblk1[26].genblk1[25].fa  |full_adder__858  |     2|
|860   |  \genblk1[26].genblk1[26].fa  |full_adder__859  |     2|
|861   |  \genblk1[26].genblk1[27].fa  |full_adder__860  |     2|
|862   |  \genblk1[26].genblk1[28].fa  |full_adder__861  |     2|
|863   |  \genblk1[26].genblk1[29].fa  |full_adder__862  |     2|
|864   |  \genblk1[26].genblk1[30].fa  |full_adder__863  |     2|
|865   |  \genblk1[26].genblk1[31].fa  |full_adder__864  |     2|
|866   |  \genblk1[27].genblk1[0].fa   |full_adder__865  |     2|
|867   |  \genblk1[27].genblk1[1].fa   |full_adder__866  |     2|
|868   |  \genblk1[27].genblk1[2].fa   |full_adder__867  |     2|
|869   |  \genblk1[27].genblk1[3].fa   |full_adder__868  |     2|
|870   |  \genblk1[27].genblk1[4].fa   |full_adder__869  |     2|
|871   |  \genblk1[27].genblk1[5].fa   |full_adder__870  |     2|
|872   |  \genblk1[27].genblk1[6].fa   |full_adder__871  |     2|
|873   |  \genblk1[27].genblk1[7].fa   |full_adder__872  |     2|
|874   |  \genblk1[27].genblk1[8].fa   |full_adder__873  |     2|
|875   |  \genblk1[27].genblk1[9].fa   |full_adder__874  |     2|
|876   |  \genblk1[27].genblk1[10].fa  |full_adder__875  |     2|
|877   |  \genblk1[27].genblk1[11].fa  |full_adder__876  |     2|
|878   |  \genblk1[27].genblk1[12].fa  |full_adder__877  |     2|
|879   |  \genblk1[27].genblk1[13].fa  |full_adder__878  |     2|
|880   |  \genblk1[27].genblk1[14].fa  |full_adder__879  |     2|
|881   |  \genblk1[27].genblk1[15].fa  |full_adder__880  |     2|
|882   |  \genblk1[27].genblk1[16].fa  |full_adder__881  |     2|
|883   |  \genblk1[27].genblk1[17].fa  |full_adder__882  |     2|
|884   |  \genblk1[27].genblk1[18].fa  |full_adder__883  |     2|
|885   |  \genblk1[27].genblk1[19].fa  |full_adder__884  |     2|
|886   |  \genblk1[27].genblk1[20].fa  |full_adder__885  |     2|
|887   |  \genblk1[27].genblk1[21].fa  |full_adder__886  |     2|
|888   |  \genblk1[27].genblk1[22].fa  |full_adder__887  |     2|
|889   |  \genblk1[27].genblk1[23].fa  |full_adder__888  |     2|
|890   |  \genblk1[27].genblk1[24].fa  |full_adder__889  |     2|
|891   |  \genblk1[27].genblk1[25].fa  |full_adder__890  |     2|
|892   |  \genblk1[27].genblk1[26].fa  |full_adder__891  |     2|
|893   |  \genblk1[27].genblk1[27].fa  |full_adder__892  |     2|
|894   |  \genblk1[27].genblk1[28].fa  |full_adder__893  |     2|
|895   |  \genblk1[27].genblk1[29].fa  |full_adder__894  |     2|
|896   |  \genblk1[27].genblk1[30].fa  |full_adder__895  |     2|
|897   |  \genblk1[27].genblk1[31].fa  |full_adder__896  |     2|
|898   |  \genblk1[28].genblk1[0].fa   |full_adder__897  |     2|
|899   |  \genblk1[28].genblk1[1].fa   |full_adder__898  |     2|
|900   |  \genblk1[28].genblk1[2].fa   |full_adder__899  |     2|
|901   |  \genblk1[28].genblk1[3].fa   |full_adder__900  |     2|
|902   |  \genblk1[28].genblk1[4].fa   |full_adder__901  |     2|
|903   |  \genblk1[28].genblk1[5].fa   |full_adder__902  |     2|
|904   |  \genblk1[28].genblk1[6].fa   |full_adder__903  |     2|
|905   |  \genblk1[28].genblk1[7].fa   |full_adder__904  |     2|
|906   |  \genblk1[28].genblk1[8].fa   |full_adder__905  |     2|
|907   |  \genblk1[28].genblk1[9].fa   |full_adder__906  |     2|
|908   |  \genblk1[28].genblk1[10].fa  |full_adder__907  |     2|
|909   |  \genblk1[28].genblk1[11].fa  |full_adder__908  |     2|
|910   |  \genblk1[28].genblk1[12].fa  |full_adder__909  |     2|
|911   |  \genblk1[28].genblk1[13].fa  |full_adder__910  |     2|
|912   |  \genblk1[28].genblk1[14].fa  |full_adder__911  |     2|
|913   |  \genblk1[28].genblk1[15].fa  |full_adder__912  |     2|
|914   |  \genblk1[28].genblk1[16].fa  |full_adder__913  |     2|
|915   |  \genblk1[28].genblk1[17].fa  |full_adder__914  |     2|
|916   |  \genblk1[28].genblk1[18].fa  |full_adder__915  |     2|
|917   |  \genblk1[28].genblk1[19].fa  |full_adder__916  |     2|
|918   |  \genblk1[28].genblk1[20].fa  |full_adder__917  |     2|
|919   |  \genblk1[28].genblk1[21].fa  |full_adder__918  |     2|
|920   |  \genblk1[28].genblk1[22].fa  |full_adder__919  |     2|
|921   |  \genblk1[28].genblk1[23].fa  |full_adder__920  |     2|
|922   |  \genblk1[28].genblk1[24].fa  |full_adder__921  |     2|
|923   |  \genblk1[28].genblk1[25].fa  |full_adder__922  |     2|
|924   |  \genblk1[28].genblk1[26].fa  |full_adder__923  |     2|
|925   |  \genblk1[28].genblk1[27].fa  |full_adder__924  |     2|
|926   |  \genblk1[28].genblk1[28].fa  |full_adder__925  |     2|
|927   |  \genblk1[28].genblk1[29].fa  |full_adder__926  |     2|
|928   |  \genblk1[28].genblk1[30].fa  |full_adder__927  |     2|
|929   |  \genblk1[28].genblk1[31].fa  |full_adder__928  |     2|
|930   |  \genblk1[29].genblk1[0].fa   |full_adder__929  |     2|
|931   |  \genblk1[29].genblk1[1].fa   |full_adder__930  |     2|
|932   |  \genblk1[29].genblk1[2].fa   |full_adder__931  |     2|
|933   |  \genblk1[29].genblk1[3].fa   |full_adder__932  |     2|
|934   |  \genblk1[29].genblk1[4].fa   |full_adder__933  |     2|
|935   |  \genblk1[29].genblk1[5].fa   |full_adder__934  |     2|
|936   |  \genblk1[29].genblk1[6].fa   |full_adder__935  |     2|
|937   |  \genblk1[29].genblk1[7].fa   |full_adder__936  |     2|
|938   |  \genblk1[29].genblk1[8].fa   |full_adder__937  |     2|
|939   |  \genblk1[29].genblk1[9].fa   |full_adder__938  |     2|
|940   |  \genblk1[29].genblk1[10].fa  |full_adder__939  |     2|
|941   |  \genblk1[29].genblk1[11].fa  |full_adder__940  |     2|
|942   |  \genblk1[29].genblk1[12].fa  |full_adder__941  |     2|
|943   |  \genblk1[29].genblk1[13].fa  |full_adder__942  |     2|
|944   |  \genblk1[29].genblk1[14].fa  |full_adder__943  |     2|
|945   |  \genblk1[29].genblk1[15].fa  |full_adder__944  |     2|
|946   |  \genblk1[29].genblk1[16].fa  |full_adder__945  |     2|
|947   |  \genblk1[29].genblk1[17].fa  |full_adder__946  |     2|
|948   |  \genblk1[29].genblk1[18].fa  |full_adder__947  |     2|
|949   |  \genblk1[29].genblk1[19].fa  |full_adder__948  |     2|
|950   |  \genblk1[29].genblk1[20].fa  |full_adder__949  |     2|
|951   |  \genblk1[29].genblk1[21].fa  |full_adder__950  |     2|
|952   |  \genblk1[29].genblk1[22].fa  |full_adder__951  |     2|
|953   |  \genblk1[29].genblk1[23].fa  |full_adder__952  |     2|
|954   |  \genblk1[29].genblk1[24].fa  |full_adder__953  |     2|
|955   |  \genblk1[29].genblk1[25].fa  |full_adder__954  |     2|
|956   |  \genblk1[29].genblk1[26].fa  |full_adder__955  |     2|
|957   |  \genblk1[29].genblk1[27].fa  |full_adder__956  |     2|
|958   |  \genblk1[29].genblk1[28].fa  |full_adder__957  |     2|
|959   |  \genblk1[29].genblk1[29].fa  |full_adder__958  |     2|
|960   |  \genblk1[29].genblk1[30].fa  |full_adder__959  |     2|
|961   |  \genblk1[29].genblk1[31].fa  |full_adder__960  |     2|
|962   |  \genblk1[30].genblk1[0].fa   |full_adder__961  |     2|
|963   |  \genblk1[30].genblk1[1].fa   |full_adder__962  |     2|
|964   |  \genblk1[30].genblk1[2].fa   |full_adder__963  |     2|
|965   |  \genblk1[30].genblk1[3].fa   |full_adder__964  |     2|
|966   |  \genblk1[30].genblk1[4].fa   |full_adder__965  |     2|
|967   |  \genblk1[30].genblk1[5].fa   |full_adder__966  |     2|
|968   |  \genblk1[30].genblk1[6].fa   |full_adder__967  |     2|
|969   |  \genblk1[30].genblk1[7].fa   |full_adder__968  |     2|
|970   |  \genblk1[30].genblk1[8].fa   |full_adder__969  |     2|
|971   |  \genblk1[30].genblk1[9].fa   |full_adder__970  |     2|
|972   |  \genblk1[30].genblk1[10].fa  |full_adder__971  |     2|
|973   |  \genblk1[30].genblk1[11].fa  |full_adder__972  |     2|
|974   |  \genblk1[30].genblk1[12].fa  |full_adder__973  |     2|
|975   |  \genblk1[30].genblk1[13].fa  |full_adder__974  |     2|
|976   |  \genblk1[30].genblk1[14].fa  |full_adder__975  |     2|
|977   |  \genblk1[30].genblk1[15].fa  |full_adder__976  |     2|
|978   |  \genblk1[30].genblk1[16].fa  |full_adder__977  |     2|
|979   |  \genblk1[30].genblk1[17].fa  |full_adder__978  |     2|
|980   |  \genblk1[30].genblk1[18].fa  |full_adder__979  |     2|
|981   |  \genblk1[30].genblk1[19].fa  |full_adder__980  |     2|
|982   |  \genblk1[30].genblk1[20].fa  |full_adder__981  |     2|
|983   |  \genblk1[30].genblk1[21].fa  |full_adder__982  |     2|
|984   |  \genblk1[30].genblk1[22].fa  |full_adder__983  |     2|
|985   |  \genblk1[30].genblk1[23].fa  |full_adder__984  |     2|
|986   |  \genblk1[30].genblk1[24].fa  |full_adder__985  |     2|
|987   |  \genblk1[30].genblk1[25].fa  |full_adder__986  |     2|
|988   |  \genblk1[30].genblk1[26].fa  |full_adder__987  |     2|
|989   |  \genblk1[30].genblk1[27].fa  |full_adder__988  |     2|
|990   |  \genblk1[30].genblk1[28].fa  |full_adder__989  |     2|
|991   |  \genblk1[30].genblk1[29].fa  |full_adder__990  |     2|
|992   |  \genblk1[30].genblk1[30].fa  |full_adder__991  |     2|
|993   |  \genblk1[30].genblk1[31].fa  |full_adder__992  |     2|
|994   |  \genblk1[31].genblk1[0].fa   |full_adder__993  |     2|
|995   |  \genblk1[31].genblk1[1].fa   |full_adder__994  |     2|
|996   |  \genblk1[31].genblk1[2].fa   |full_adder__995  |     2|
|997   |  \genblk1[31].genblk1[3].fa   |full_adder__996  |     2|
|998   |  \genblk1[31].genblk1[4].fa   |full_adder__997  |     2|
|999   |  \genblk1[31].genblk1[5].fa   |full_adder__998  |     2|
|1000  |  \genblk1[31].genblk1[6].fa   |full_adder__999  |     2|
|1001  |  \genblk1[31].genblk1[7].fa   |full_adder__1000 |     2|
|1002  |  \genblk1[31].genblk1[8].fa   |full_adder__1001 |     2|
|1003  |  \genblk1[31].genblk1[9].fa   |full_adder__1002 |     2|
|1004  |  \genblk1[31].genblk1[10].fa  |full_adder__1003 |     2|
|1005  |  \genblk1[31].genblk1[11].fa  |full_adder__1004 |     2|
|1006  |  \genblk1[31].genblk1[12].fa  |full_adder__1005 |     2|
|1007  |  \genblk1[31].genblk1[13].fa  |full_adder__1006 |     2|
|1008  |  \genblk1[31].genblk1[14].fa  |full_adder__1007 |     2|
|1009  |  \genblk1[31].genblk1[15].fa  |full_adder__1008 |     2|
|1010  |  \genblk1[31].genblk1[16].fa  |full_adder__1009 |     2|
|1011  |  \genblk1[31].genblk1[17].fa  |full_adder__1010 |     2|
|1012  |  \genblk1[31].genblk1[18].fa  |full_adder__1011 |     2|
|1013  |  \genblk1[31].genblk1[19].fa  |full_adder__1012 |     2|
|1014  |  \genblk1[31].genblk1[20].fa  |full_adder__1013 |     2|
|1015  |  \genblk1[31].genblk1[21].fa  |full_adder__1014 |     2|
|1016  |  \genblk1[31].genblk1[22].fa  |full_adder__1015 |     2|
|1017  |  \genblk1[31].genblk1[23].fa  |full_adder__1016 |     2|
|1018  |  \genblk1[31].genblk1[24].fa  |full_adder__1017 |     2|
|1019  |  \genblk1[31].genblk1[25].fa  |full_adder__1018 |     2|
|1020  |  \genblk1[31].genblk1[26].fa  |full_adder__1019 |     2|
|1021  |  \genblk1[31].genblk1[27].fa  |full_adder__1020 |     2|
|1022  |  \genblk1[31].genblk1[28].fa  |full_adder__1021 |     2|
|1023  |  \genblk1[31].genblk1[29].fa  |full_adder__1022 |     2|
|1024  |  \genblk1[31].genblk1[30].fa  |full_adder__1023 |     2|
|1025  |  \genblk1[31].genblk1[31].fa  |full_adder__1024 |     2|
|1026  |  \genblk1[32].genblk1[0].fa   |full_adder__1025 |     2|
|1027  |  \genblk1[32].genblk1[1].fa   |full_adder__1026 |     2|
|1028  |  \genblk1[32].genblk1[2].fa   |full_adder__1027 |     2|
|1029  |  \genblk1[32].genblk1[3].fa   |full_adder__1028 |     2|
|1030  |  \genblk1[32].genblk1[4].fa   |full_adder__1029 |     2|
|1031  |  \genblk1[32].genblk1[5].fa   |full_adder__1030 |     2|
|1032  |  \genblk1[32].genblk1[6].fa   |full_adder__1031 |     2|
|1033  |  \genblk1[32].genblk1[7].fa   |full_adder__1032 |     2|
|1034  |  \genblk1[32].genblk1[8].fa   |full_adder__1033 |     2|
|1035  |  \genblk1[32].genblk1[9].fa   |full_adder__1034 |     2|
|1036  |  \genblk1[32].genblk1[10].fa  |full_adder__1035 |     2|
|1037  |  \genblk1[32].genblk1[11].fa  |full_adder__1036 |     2|
|1038  |  \genblk1[32].genblk1[12].fa  |full_adder__1037 |     2|
|1039  |  \genblk1[32].genblk1[13].fa  |full_adder__1038 |     2|
|1040  |  \genblk1[32].genblk1[14].fa  |full_adder__1039 |     2|
|1041  |  \genblk1[32].genblk1[15].fa  |full_adder__1040 |     2|
|1042  |  \genblk1[32].genblk1[16].fa  |full_adder__1041 |     2|
|1043  |  \genblk1[32].genblk1[17].fa  |full_adder__1042 |     2|
|1044  |  \genblk1[32].genblk1[18].fa  |full_adder__1043 |     2|
|1045  |  \genblk1[32].genblk1[19].fa  |full_adder__1044 |     2|
|1046  |  \genblk1[32].genblk1[20].fa  |full_adder__1045 |     2|
|1047  |  \genblk1[32].genblk1[21].fa  |full_adder__1046 |     2|
|1048  |  \genblk1[32].genblk1[22].fa  |full_adder__1047 |     2|
|1049  |  \genblk1[32].genblk1[23].fa  |full_adder__1048 |     2|
|1050  |  \genblk1[32].genblk1[24].fa  |full_adder__1049 |     2|
|1051  |  \genblk1[32].genblk1[25].fa  |full_adder__1050 |     2|
|1052  |  \genblk1[32].genblk1[26].fa  |full_adder__1051 |     2|
|1053  |  \genblk1[32].genblk1[27].fa  |full_adder__1052 |     2|
|1054  |  \genblk1[32].genblk1[28].fa  |full_adder__1053 |     2|
|1055  |  \genblk1[32].genblk1[29].fa  |full_adder__1054 |     2|
|1056  |  \genblk1[32].genblk1[30].fa  |full_adder__1055 |     2|
|1057  |  \genblk1[32].genblk1[31].fa  |full_adder       |     2|
+------+-------------------------------+-----------------+------+
---------------------------------------------------------------------------------
Finished Writing Synthesis Report : Time (s): cpu = 00:00:24 ; elapsed = 00:00:27 . Memory (MB): peak = 555.000 ; gain = 298.324
---------------------------------------------------------------------------------
Synthesis finished with 0 errors, 0 critical warnings and 2 warnings.
Synthesis Optimization Runtime : Time (s): cpu = 00:00:24 ; elapsed = 00:00:27 . Memory (MB): peak = 555.000 ; gain = 298.324
Synthesis Optimization Complete : Time (s): cpu = 00:00:24 ; elapsed = 00:00:27 . Memory (MB): peak = 555.000 ; gain = 298.324
INFO: [Project 1-571] Translating synthesized netlist
INFO: [Netlist 29-17] Analyzing 64 Unisim elements for replacement
INFO: [Netlist 29-28] Unisim Transformation completed in 0 CPU seconds
INFO: [Project 1-570] Preparing netlist for logic optimization
INFO: [Opt 31-138] Pushed 0 inverter(s) to 0 load pin(s).
INFO: [Project 1-111] Unisim Transformation Summary:
No Unisim elements were transformed.

INFO: [Common 17-83] Releasing license: Synthesis
13 Infos, 2 Warnings, 0 Critical Warnings and 0 Errors encountered.
synth_design completed successfully
synth_design: Time (s): cpu = 00:00:51 ; elapsed = 00:00:59 . Memory (MB): peak = 678.895 ; gain = 435.137
WARNING: [Constraints 18-5210] No constraint will be written out.
INFO: [Common 17-1381] The checkpoint 'C:/Users/User/Desktop/STM/Lab3/Array_Multiplier/Array_Multiplier/Array_Multiplier.runs/synth_2/array_mul.dcp' has been generated.
INFO: [runtcl-4] Executing : report_utilization -file array_mul_utilization_synth.rpt -pb array_mul_utilization_synth.pb
report_utilization: Time (s): cpu = 00:00:00 ; elapsed = 00:00:00.115 . Memory (MB): peak = 678.895 ; gain = 0.000
INFO: [Common 17-206] Exiting Vivado at Thu Apr 10 08:44:51 2025...
